#
# A fatal error has been detected by the Java Runtime Environment:
#
#  EXCEPTION_ACCESS_VIOLATION (0xc0000005) at pc=0x00007ffbe5e04308, pid=37260, tid=0x0000000000005c24
#
# JRE version: Java(TM) SE Runtime Environment (8.0_221-b11) (build 1.8.0_221-b11)
# Java VM: Java HotSpot(TM) 64-Bit Server VM (25.221-b11 mixed mode windows-amd64 compressed oops)
# Problematic frame:
# C  [librocksdbjni117407812205467574.dll+0x244308]
#
# Failed to write core dump. Minidumps are not enabled by default on client versions of Windows
#
# If you would like to submit a bug report, please visit:
#   http://bugreport.java.com/bugreport/crash.jsp
# The crash happened outside the Java Virtual Machine in native code.
# See problematic frame for where to report the bug.
#

---------------  T H R E A D  ---------------

Current thread (0x00000000201d4000):  JavaThread "pool-1-thread-102" [_thread_in_native, id=23588, stack(0x000000002ce30000,0x000000002cf30000)]

siginfo: ExceptionCode=0xc0000005, reading address 0x00000000000000d0

Registers:
RAX=0x0000000000000000, RBX=0x000000002cf2e410, RCX=0x0000000000000000, RDX=0x00000000228d8290
RSP=0x000000002cf2e020, RBP=0x000000002cf2e120, RSI=0x0000000000000000, RDI=0x00000000228bcd00
R8 =0x00007ffbe616ad48, R9 =0x000000002cf2e092, R10=0x0000000000000000, R11=0x000000002cf2e000
R12=0x00ffffffffffffff, R13=0x000000002cf2ec08, R14=0x00000000228bd3f8, R15=0x00000000228bd8b0
RIP=0x00007ffbe5e04308, EFLAGS=0x0000000000010246

Top of Stack: (sp=0x000000002cf2e020)
0x000000002cf2e020:   0000000024fd3a20 0000000000000000
0x000000002cf2e030:   00007ffbe616ad48 000000002cf2e092
0x000000002cf2e040:   000000002cf2e620 00000007c00016d0
0x000000002cf2e050:   0000000000000000 00000000037450e4
0x000000002cf2e060:   000000002cf2eb10 00000000031e7e70
0x000000002cf2e070:   0000000000000000 00007ffc43ea4709
0x000000002cf2e080:   000000002cf2e528 000000002cf2e520
0x000000002cf2e090:   0000000000001800 000000002c000000
0x000000002cf2e0a0:   0000000000000000 00007ffbe616ad48
0x000000002cf2e0b0:   0000000024fd3a20 0000000000000000
0x000000002cf2e0c0:   00ffffffffffffff 000000002cf2e620
0x000000002cf2e0d0:   0000000000000000 0000000023ef18a0
0x000000002cf2e0e0:   0000000000000255 0000000023cd8cd0
0x000000002cf2e0f0:   0000000000000020 0000000000000000
0x000000002cf2e100:   0000000000000000 00000000037e0000
0x000000002cf2e110:   0000000000000000 0000000000000000 

Instructions: (pc=0x00007ffbe5e04308)
0x00007ffbe5e042e8:   89 45 80 48 89 4b 08 48 8b 8d f8 02 00 00 e8 69
0x00007ffbe5e042f8:   79 1c 00 80 bf 18 16 00 00 00 75 13 48 8b 47 68
0x00007ffbe5e04308:   4c 8b a0 d0 00 00 00 4c 89 65 a0 48 8b 75 f0 80
0x00007ffbe5e04318:   7d e8 00 74 10 48 8b 06 48 8b ce ff 90 20 01 00 


Register to memory mapping:

RAX=0x0000000000000000 is an unknown value
RBX=0x000000002cf2e410 is pointing into the stack for thread: 0x00000000201d4000
RCX=0x0000000000000000 is an unknown value
RDX=0x00000000228d8290 is an unknown value
RSP=0x000000002cf2e020 is pointing into the stack for thread: 0x00000000201d4000
RBP=0x000000002cf2e120 is pointing into the stack for thread: 0x00000000201d4000
RSI=0x0000000000000000 is an unknown value
RDI=0x00000000228bcd00 is an unknown value
R8 =0x00007ffbe616ad48 is an unknown value
R9 =0x000000002cf2e092 is pointing into the stack for thread: 0x00000000201d4000
R10=0x0000000000000000 is an unknown value
R11=0x000000002cf2e000 is pointing into the stack for thread: 0x00000000201d4000
R12=0x00ffffffffffffff is an unknown value
R13=0x000000002cf2ec08 is pointing into the stack for thread: 0x00000000201d4000
R14=0x00000000228bd3f8 is an unknown value
R15=0x00000000228bd8b0 is an unknown value


Stack: [0x000000002ce30000,0x000000002cf30000],  sp=0x000000002cf2e020,  free space=1016k
Native frames: (J=compiled Java code, j=interpreted, Vv=VM code, C=native code)
C  [librocksdbjni117407812205467574.dll+0x244308]
C  [librocksdbjni117407812205467574.dll+0x243706]
C  [librocksdbjni117407812205467574.dll+0x240e38]
C  [librocksdbjni117407812205467574.dll+0x24103a]
C  [librocksdbjni117407812205467574.dll+0x14e395]
C  [librocksdbjni117407812205467574.dll+0xd5d52]
C  [librocksdbjni117407812205467574.dll+0xdb6a4]
C  0x000000000373ae4d

Java frames: (J=compiled Java code, j=interpreted, Vv=VM code)
J 1800  org.rocksdb.RocksDB.put(J[BII[BII)V (0 bytes) @ 0x000000000373adc7 [0x000000000373ad40+0x87]
J 1799 C1 org.rocksdb.RocksDB.put([B[B)V (17 bytes) @ 0x000000000373b98c [0x000000000373b900+0x8c]
j  comp4321.group2.searchengine.repositories.PageIdToData.addEntry(ILcomp4321/group2/searchengine/models/Page;)V+11
j  comp4321.group2.searchengine.RocksDBApi.addPageData(Lcomp4321/group2/searchengine/models/Page;Ljava/lang/String;)I+26
j  comp4321.group2.searchengine.crawler.CrawlerRunnable.run()V+142
j  java.util.concurrent.Executors$RunnableAdapter.call()Ljava/lang/Object;+4
j  java.util.concurrent.FutureTask.run()V+42
j  java.util.concurrent.ThreadPoolExecutor.runWorker(Ljava/util/concurrent/ThreadPoolExecutor$Worker;)V+95
j  java.util.concurrent.ThreadPoolExecutor$Worker.run()V+5
j  java.lang.Thread.run()V+11
v  ~StubRoutines::call_stub

---------------  P R O C E S S  ---------------

Java Threads: ( => current thread )
  0x0000000020c4f800 JavaThread "Keep-Alive-SocketCleaner" daemon [_thread_in_native, id=30028, stack(0x000000003b9b0000,0x000000003bab0000)]
  0x0000000020c4e000 JavaThread "ForkJoinPool.commonPool-worker-3" daemon [_thread_blocked, id=30632, stack(0x0000000039fd0000,0x000000003a0d0000)]
  0x0000000020c4c800 JavaThread "ForkJoinPool.commonPool-worker-10" daemon [_thread_blocked, id=12048, stack(0x0000000039ed0000,0x0000000039fd0000)]
  0x0000000020c4b800 JavaThread "ForkJoinPool.commonPool-worker-8" daemon [_thread_blocked, id=31116, stack(0x0000000039dd0000,0x0000000039ed0000)]
  0x0000000020c48800 JavaThread "ForkJoinPool.commonPool-worker-1" daemon [_thread_blocked, id=12596, stack(0x0000000039cd0000,0x0000000039dd0000)]
  0x0000000020c4b000 JavaThread "ForkJoinPool.commonPool-worker-15" daemon [_thread_blocked, id=22932, stack(0x0000000033030000,0x0000000033130000)]
  0x0000000020c4a000 JavaThread "ForkJoinPool.commonPool-worker-6" daemon [_thread_blocked, id=26780, stack(0x0000000031230000,0x0000000031330000)]
  0x0000000020c42800 JavaThread "ForkJoinPool.commonPool-worker-13" daemon [_thread_blocked, id=9876, stack(0x0000000030f30000,0x0000000031030000)]
  0x0000000020c48000 JavaThread "ForkJoinPool.commonPool-worker-4" daemon [_thread_blocked, id=512, stack(0x000000002ee30000,0x000000002ef30000)]
  0x0000000020c44000 JavaThread "ForkJoinPool.commonPool-worker-11" daemon [_thread_blocked, id=29508, stack(0x0000000029730000,0x0000000029830000)]
  0x0000000020c47000 JavaThread "ForkJoinPool.commonPool-worker-2" daemon [_thread_blocked, id=21960, stack(0x0000000028130000,0x0000000028230000)]
  0x0000000020c45800 JavaThread "ForkJoinPool.commonPool-worker-9" daemon [_thread_blocked, id=22140, stack(0x0000000027e30000,0x0000000027f30000)]
  0x0000000020c46800 JavaThread "Keep-Alive-Timer" daemon [_thread_blocked, id=35672, stack(0x0000000036f00000,0x0000000037000000)]
  0x0000000020c49800 JavaThread "pool-1-thread-256" [_thread_in_native, id=25684, stack(0x0000000036b00000,0x0000000036c00000)]
  0x0000000020c45000 JavaThread "pool-1-thread-255" [_thread_in_native, id=16652, stack(0x0000000036a00000,0x0000000036b00000)]
  0x0000000020c43800 JavaThread "pool-1-thread-254" [_thread_in_native, id=37668, stack(0x0000000036900000,0x0000000036a00000)]
  0x0000000020c3b000 JavaThread "pool-1-thread-253" [_thread_in_native, id=31048, stack(0x0000000036800000,0x0000000036900000)]
  0x0000000020c3f800 JavaThread "pool-1-thread-252" [_thread_in_native, id=19092, stack(0x0000000036700000,0x0000000036800000)]
  0x0000000020c3e000 JavaThread "pool-1-thread-251" [_thread_in_native, id=16304, stack(0x0000000036600000,0x0000000036700000)]
  0x0000000020c3d000 JavaThread "pool-1-thread-250" [_thread_in_native, id=18736, stack(0x0000000036500000,0x0000000036600000)]
  0x0000000020c41000 JavaThread "pool-1-thread-249" [_thread_in_native, id=31652, stack(0x0000000036400000,0x0000000036500000)]
  0x0000000020c3c800 JavaThread "pool-1-thread-248" [_thread_in_native, id=32932, stack(0x0000000036300000,0x0000000036400000)]
  0x0000000020c41800 JavaThread "pool-1-thread-247" [_thread_in_native, id=23492, stack(0x0000000036200000,0x0000000036300000)]
  0x0000000020c3e800 JavaThread "pool-1-thread-246" [_thread_in_native, id=29276, stack(0x0000000036100000,0x0000000036200000)]
  0x0000000020c3b800 JavaThread "pool-1-thread-244" [_thread_in_native, id=33272, stack(0x0000000035f00000,0x0000000036000000)]
  0x0000000020c36800 JavaThread "pool-1-thread-242" [_thread_in_native, id=24716, stack(0x0000000035d00000,0x0000000035e00000)]
  0x0000000020c3a000 JavaThread "pool-1-thread-241" [_thread_in_native, id=24236, stack(0x0000000035c00000,0x0000000035d00000)]
  0x0000000020c32800 JavaThread "pool-1-thread-240" [_thread_in_native, id=956, stack(0x0000000035b00000,0x0000000035c00000)]
  0x0000000020c35800 JavaThread "pool-1-thread-239" [_thread_in_native, id=36656, stack(0x0000000035a00000,0x0000000035b00000)]
  0x0000000020c35000 JavaThread "pool-1-thread-238" [_thread_in_native, id=27596, stack(0x0000000035900000,0x0000000035a00000)]
  0x0000000020c38800 JavaThread "pool-1-thread-237" [_thread_in_native, id=35936, stack(0x0000000035800000,0x0000000035900000)]
  0x0000000020c39800 JavaThread "pool-1-thread-236" [_thread_in_native, id=15544, stack(0x0000000035700000,0x0000000035800000)]
  0x0000000020c38000 JavaThread "pool-1-thread-235" [_thread_in_native, id=23596, stack(0x0000000035600000,0x0000000035700000)]
  0x0000000020c32000 JavaThread "pool-1-thread-234" [_thread_in_native, id=8160, stack(0x0000000035500000,0x0000000035600000)]
  0x0000000020c30800 JavaThread "pool-1-thread-233" [_thread_in_native, id=9312, stack(0x0000000035400000,0x0000000035500000)]
  0x0000000020c34000 JavaThread "pool-1-thread-232" [_thread_in_native, id=33400, stack(0x0000000035300000,0x0000000035400000)]
  0x0000000020c31000 JavaThread "pool-1-thread-231" [_thread_in_native, id=10568, stack(0x0000000035200000,0x0000000035300000)]
  0x0000000020c37000 JavaThread "pool-1-thread-230" [_thread_in_native, id=22728, stack(0x0000000035100000,0x0000000035200000)]
  0x0000000020bfe000 JavaThread "pool-1-thread-229" [_thread_in_native, id=23776, stack(0x0000000035000000,0x0000000035100000)]
  0x0000000020bfd800 JavaThread "pool-1-thread-228" [_thread_in_native, id=20200, stack(0x0000000034f00000,0x0000000035000000)]
  0x0000000020bfc000 JavaThread "pool-1-thread-227" [_thread_in_native, id=26364, stack(0x0000000034e00000,0x0000000034f00000)]
  0x0000000020bf6800 JavaThread "pool-1-thread-226" [_thread_in_native, id=23432, stack(0x0000000034a30000,0x0000000034b30000)]
  0x0000000020bfc800 JavaThread "pool-1-thread-225" [_thread_in_native, id=3484, stack(0x0000000034930000,0x0000000034a30000)]
  0x0000000020bfb000 JavaThread "pool-1-thread-224" [_thread_in_native, id=13808, stack(0x0000000034830000,0x0000000034930000)]
  0x0000000020bf3800 JavaThread "pool-1-thread-223" [_thread_in_native, id=21364, stack(0x0000000034730000,0x0000000034830000)]
  0x0000000020bf9800 JavaThread "pool-1-thread-222" [_thread_in_native, id=20604, stack(0x0000000034630000,0x0000000034730000)]
  0x0000000020bf5800 JavaThread "pool-1-thread-221" [_thread_in_native, id=17380, stack(0x0000000034530000,0x0000000034630000)]
  0x0000000020bf4000 JavaThread "pool-1-thread-220" [_thread_in_native, id=29668, stack(0x0000000034430000,0x0000000034530000)]
  0x0000000020bf8000 JavaThread "pool-1-thread-219" [_thread_in_native, id=29028, stack(0x0000000034330000,0x0000000034430000)]
  0x0000000020bf9000 JavaThread "pool-1-thread-218" [_thread_in_native, id=36828, stack(0x0000000034230000,0x0000000034330000)]
  0x0000000020bf5000 JavaThread "pool-1-thread-217" [_thread_in_native, id=17496, stack(0x0000000034130000,0x0000000034230000)]
  0x0000000020bf7800 JavaThread "pool-1-thread-216" [_thread_in_native, id=26656, stack(0x0000000034030000,0x0000000034130000)]
  0x0000000020bfa800 JavaThread "pool-1-thread-215" [_thread_in_native, id=21236, stack(0x0000000033f30000,0x0000000034030000)]
  0x0000000020bed800 JavaThread "pool-1-thread-214" [_thread_in_native, id=14456, stack(0x0000000033e30000,0x0000000033f30000)]
  0x0000000020bf2000 JavaThread "pool-1-thread-213" [_thread_in_native, id=28804, stack(0x0000000033d30000,0x0000000033e30000)]
  0x0000000020bef800 JavaThread "pool-1-thread-212" [_thread_in_native, id=13680, stack(0x0000000033c30000,0x0000000033d30000)]
  0x0000000020bec800 JavaThread "pool-1-thread-211" [_thread_in_native, id=36192, stack(0x0000000033b30000,0x0000000033c30000)]
  0x0000000020bec000 JavaThread "pool-1-thread-210" [_thread_in_native, id=37504, stack(0x0000000033a30000,0x0000000033b30000)]
  0x0000000020bef000 JavaThread "pool-1-thread-209" [_thread_in_native, id=13872, stack(0x0000000033930000,0x0000000033a30000)]
  0x0000000020bf0800 JavaThread "pool-1-thread-208" [_thread_in_native, id=27000, stack(0x0000000033830000,0x0000000033930000)]
  0x0000000020bf2800 JavaThread "pool-1-thread-207" [_thread_in_native, id=32724, stack(0x0000000033730000,0x0000000033830000)]
  0x0000000020beb000 JavaThread "pool-1-thread-206" [_thread_in_native, id=9324, stack(0x0000000033630000,0x0000000033730000)]
  0x0000000020bea800 JavaThread "pool-1-thread-205" [_thread_in_native, id=22412, stack(0x0000000033530000,0x0000000033630000)]
  0x0000000020bf1000 JavaThread "pool-1-thread-204" [_thread_in_native, id=33668, stack(0x0000000033430000,0x0000000033530000)]
  0x0000000020bee000 JavaThread "pool-1-thread-203" [_thread_in_native, id=14972, stack(0x0000000033330000,0x0000000033430000)]
  0x0000000020be9800 JavaThread "pool-1-thread-202" [_thread_in_native, id=30132, stack(0x0000000033230000,0x0000000033330000)]
  0x0000000020be9000 JavaThread "pool-1-thread-201" [_thread_in_native, id=20164, stack(0x0000000033130000,0x0000000033230000)]
  0x0000000020be8000 JavaThread "pool-1-thread-199" [_thread_in_native, id=23488, stack(0x0000000032f30000,0x0000000033030000)]
  0x0000000020be7800 JavaThread "pool-1-thread-198" [_thread_in_native, id=28564, stack(0x0000000032e30000,0x0000000032f30000)]
  0x0000000020be0000 JavaThread "pool-1-thread-197" [_thread_in_native, id=24464, stack(0x0000000032d30000,0x0000000032e30000)]
  0x0000000020be6800 JavaThread "pool-1-thread-196" [_thread_in_native, id=9836, stack(0x0000000032c30000,0x0000000032d30000)]
  0x0000000020be2000 JavaThread "pool-1-thread-195" [_thread_in_native, id=30004, stack(0x0000000032b30000,0x0000000032c30000)]
  0x0000000020be1800 JavaThread "pool-1-thread-194" [_thread_in_native, id=22476, stack(0x0000000032a30000,0x0000000032b30000)]
  0x0000000020be0800 JavaThread "pool-1-thread-193" [_thread_in_native, id=30708, stack(0x0000000032930000,0x0000000032a30000)]
  0x0000000020be5000 JavaThread "pool-1-thread-192" [_thread_in_native, id=27400, stack(0x0000000032830000,0x0000000032930000)]
  0x0000000020be4800 JavaThread "pool-1-thread-191" [_thread_in_native, id=19320, stack(0x0000000032730000,0x0000000032830000)]
  0x0000000020be6000 JavaThread "pool-1-thread-190" [_thread_in_native, id=34780, stack(0x0000000032630000,0x0000000032730000)]
  0x0000000020be3800 JavaThread "pool-1-thread-189" [_thread_in_native, id=31264, stack(0x0000000032530000,0x0000000032630000)]
  0x0000000020bdf000 JavaThread "pool-1-thread-188" [_thread_in_native, id=21072, stack(0x0000000032430000,0x0000000032530000)]
  0x0000000020bc6800 JavaThread "pool-1-thread-187" [_thread_in_native, id=10024, stack(0x0000000032330000,0x0000000032430000)]
  0x0000000020bc9000 JavaThread "pool-1-thread-185" [_thread_in_native, id=21044, stack(0x0000000032130000,0x0000000032230000)]
  0x0000000020bc8000 JavaThread "pool-1-thread-184" [_thread_in_native, id=24100, stack(0x0000000032030000,0x0000000032130000)]
  0x0000000020bc5000 JavaThread "pool-1-thread-183" [_thread_in_native, id=2224, stack(0x0000000031f30000,0x0000000032030000)]
  0x0000000020bc7800 JavaThread "pool-1-thread-182" [_thread_in_native, id=17664, stack(0x0000000031e30000,0x0000000031f30000)]
  0x0000000020bca800 JavaThread "pool-1-thread-181" [_thread_in_native, id=32268, stack(0x0000000031d30000,0x0000000031e30000)]
  0x0000000020bcb000 JavaThread "pool-1-thread-180" [_thread_in_native, id=19788, stack(0x0000000031c30000,0x0000000031d30000)]
  0x0000000020bc6000 JavaThread "pool-1-thread-179" [_thread_in_native, id=10652, stack(0x0000000031b30000,0x0000000031c30000)]
  0x0000000020bbd800 JavaThread "pool-1-thread-178" [_thread_in_native, id=29112, stack(0x0000000031a30000,0x0000000031b30000)]
  0x0000000020bc4800 JavaThread "pool-1-thread-177" [_thread_in_native, id=28168, stack(0x0000000031930000,0x0000000031a30000)]
  0x0000000020bbf000 JavaThread "pool-1-thread-176" [_thread_in_native, id=24504, stack(0x0000000031830000,0x0000000031930000)]
  0x0000000020bbe800 JavaThread "pool-1-thread-172" [_thread_in_native, id=31228, stack(0x0000000031430000,0x0000000031530000)]
  0x0000000020bc1800 JavaThread "pool-1-thread-171" [_thread_in_native, id=27432, stack(0x0000000031330000,0x0000000031430000)]
  0x0000000020bc2000 JavaThread "pool-1-thread-169" [_thread_in_native, id=23120, stack(0x0000000031130000,0x0000000031230000)]
  0x0000000020bc3000 JavaThread "pool-1-thread-168" [_thread_in_native, id=34316, stack(0x0000000031030000,0x0000000031130000)]
  0x000000002025a000 JavaThread "pool-1-thread-166" [_thread_in_native, id=26164, stack(0x0000000030e30000,0x0000000030f30000)]
  0x000000002025a800 JavaThread "pool-1-thread-165" [_thread_in_native, id=22748, stack(0x0000000030d30000,0x0000000030e30000)]
  0x000000002025d000 JavaThread "pool-1-thread-164" [_thread_in_native, id=21528, stack(0x0000000030c30000,0x0000000030d30000)]
  0x000000002025c000 JavaThread "pool-1-thread-163" [_thread_in_native, id=24884, stack(0x0000000030b30000,0x0000000030c30000)]
  0x0000000020259000 JavaThread "pool-1-thread-162" [_thread_in_native, id=8336, stack(0x0000000030a30000,0x0000000030b30000)]
  0x0000000020258800 JavaThread "pool-1-thread-161" [_thread_in_native, id=27760, stack(0x0000000030930000,0x0000000030a30000)]
  0x0000000020254800 JavaThread "pool-1-thread-160" [_thread_in_native, id=17648, stack(0x0000000030830000,0x0000000030930000)]
  0x000000002025b800 JavaThread "pool-1-thread-159" [_thread_in_native, id=25264, stack(0x0000000030730000,0x0000000030830000)]
  0x0000000020251800 JavaThread "pool-1-thread-158" [_thread_in_native, id=35552, stack(0x0000000030630000,0x0000000030730000)]
  0x0000000020251000 JavaThread "pool-1-thread-157" [_thread_in_native, id=22676, stack(0x0000000030530000,0x0000000030630000)]
  0x0000000020254000 JavaThread "pool-1-thread-156" [_thread_in_native, id=24280, stack(0x0000000030430000,0x0000000030530000)]
  0x0000000020257800 JavaThread "pool-1-thread-155" [_thread_in_native, id=176, stack(0x0000000030330000,0x0000000030430000)]
  0x0000000020257000 JavaThread "pool-1-thread-153" [_thread_in_native, id=6724, stack(0x0000000030130000,0x0000000030230000)]
  0x0000000020252800 JavaThread "pool-1-thread-151" [_thread_in_native, id=3496, stack(0x000000002ff30000,0x0000000030030000)]
  0x0000000020255800 JavaThread "pool-1-thread-150" [_thread_in_native, id=34964, stack(0x000000002fe30000,0x000000002ff30000)]
  0x0000000020256000 JavaThread "pool-1-thread-149" [_thread_in_native, id=31112, stack(0x000000002fd30000,0x000000002fe30000)]
  0x0000000020250000 JavaThread "pool-1-thread-148" [_thread_in_native, id=27920, stack(0x000000002fc30000,0x000000002fd30000)]
  0x000000002024e800 JavaThread "pool-1-thread-147" [_thread_in_native, id=26560, stack(0x000000002fb30000,0x000000002fc30000)]
  0x000000002024e000 JavaThread "pool-1-thread-146" [_thread_in_native, id=4264, stack(0x000000002fa30000,0x000000002fb30000)]
  0x000000002022b800 JavaThread "pool-1-thread-145" [_thread_in_native, id=9132, stack(0x000000002f930000,0x000000002fa30000)]
  0x000000002022a000 JavaThread "pool-1-thread-144" [_thread_in_native, id=13740, stack(0x000000002f830000,0x000000002f930000)]
  0x000000002022a800 JavaThread "pool-1-thread-143" [_thread_in_native, id=16520, stack(0x000000002f730000,0x000000002f830000)]
  0x0000000020229000 JavaThread "pool-1-thread-142" [_thread_in_native, id=23164, stack(0x000000002f630000,0x000000002f730000)]
  0x0000000020228800 JavaThread "pool-1-thread-141" [_thread_in_native, id=11736, stack(0x000000002f530000,0x000000002f630000)]
  0x000000002022d800 JavaThread "pool-1-thread-140" [_thread_in_native, id=15532, stack(0x000000002f430000,0x000000002f530000)]
  0x0000000020227800 JavaThread "pool-1-thread-139" [_thread_in_native, id=24756, stack(0x000000002f330000,0x000000002f430000)]
  0x0000000020227000 JavaThread "pool-1-thread-138" [_thread_in_native, id=20012, stack(0x000000002f230000,0x000000002f330000)]
  0x000000002022d000 JavaThread "pool-1-thread-137" [_thread_in_native, id=31544, stack(0x000000002f130000,0x000000002f230000)]
  0x000000002022c000 JavaThread "pool-1-thread-136" [_thread_in_native, id=19732, stack(0x000000002f030000,0x000000002f130000)]
  0x000000002021f800 JavaThread "pool-1-thread-135" [_thread_in_native, id=20888, stack(0x000000002ef30000,0x000000002f030000)]
  0x0000000020220000 JavaThread "pool-1-thread-133" [_thread_in_native, id=23592, stack(0x000000002ed30000,0x000000002ee30000)]
  0x0000000020225800 JavaThread "pool-1-thread-131" [_thread_in_native, id=2608, stack(0x000000002eb30000,0x000000002ec30000)]
  0x0000000020224000 JavaThread "pool-1-thread-130" [_thread_in_native, id=37048, stack(0x000000002ea30000,0x000000002eb30000)]
  0x0000000020224800 JavaThread "pool-1-thread-129" [_thread_in_native, id=22452, stack(0x000000002e930000,0x000000002ea30000)]
  0x0000000020223000 JavaThread "pool-1-thread-128" [_thread_in_native, id=29760, stack(0x000000002e830000,0x000000002e930000)]
  0x0000000020222800 JavaThread "pool-1-thread-127" [_thread_in_native, id=28076, stack(0x000000002e730000,0x000000002e830000)]
  0x0000000020221800 JavaThread "pool-1-thread-126" [_thread_in_native, id=36544, stack(0x000000002e630000,0x000000002e730000)]
  0x0000000020221000 JavaThread "pool-1-thread-125" [_thread_in_native, id=12412, stack(0x000000002e530000,0x000000002e630000)]
  0x0000000020202000 JavaThread "pool-1-thread-124" [_thread_in_native, id=33844, stack(0x000000002e430000,0x000000002e530000)]
  0x0000000020204000 JavaThread "pool-1-thread-123" [_thread_in_native, id=22288, stack(0x000000002e330000,0x000000002e430000)]
  0x00000000201ff000 JavaThread "pool-1-thread-122" [_thread_in_native, id=31376, stack(0x000000002e230000,0x000000002e330000)]
  0x0000000020202800 JavaThread "pool-1-thread-120" [_thread_in_native, id=20732, stack(0x000000002e030000,0x000000002e130000)]
  0x0000000020203800 JavaThread "pool-1-thread-119" [_thread_in_native, id=37512, stack(0x000000002df30000,0x000000002e030000)]
  0x0000000020200800 JavaThread "pool-1-thread-118" [_thread_in_native, id=35684, stack(0x000000002de30000,0x000000002df30000)]
  0x00000000201fe000 JavaThread "pool-1-thread-117" [_thread_in_native, id=22096, stack(0x000000002dd30000,0x000000002de30000)]
  0x00000000201ff800 JavaThread "pool-1-thread-116" [_thread_in_native, id=22940, stack(0x000000002dc30000,0x000000002dd30000)]
  0x00000000201f6000 JavaThread "pool-1-thread-114" [_thread_in_native, id=30664, stack(0x000000002da30000,0x000000002db30000)]
  0x00000000201f6800 JavaThread "pool-1-thread-113" [_thread_in_native, id=2552, stack(0x000000002d930000,0x000000002da30000)]
  0x00000000201fc800 JavaThread "pool-1-thread-112" [_thread_in_native, id=29572, stack(0x000000002d830000,0x000000002d930000)]
  0x00000000201fc000 JavaThread "pool-1-thread-111" [_thread_in_native, id=23520, stack(0x000000002d730000,0x000000002d830000)]
  0x00000000201f9000 JavaThread "pool-1-thread-110" [_thread_in_native, id=18276, stack(0x000000002d630000,0x000000002d730000)]
  0x00000000201f8000 JavaThread "pool-1-thread-109" [_thread_in_native, id=25332, stack(0x000000002d530000,0x000000002d630000)]
  0x00000000201f7800 JavaThread "pool-1-thread-108" [_thread_in_native, id=28136, stack(0x000000002d430000,0x000000002d530000)]
  0x00000000201fb000 JavaThread "pool-1-thread-107" [_thread_in_native, id=21804, stack(0x000000002d330000,0x000000002d430000)]
  0x00000000201f5000 JavaThread "pool-1-thread-106" [_thread_in_native, id=26980, stack(0x000000002d230000,0x000000002d330000)]
  0x00000000201fa800 JavaThread "pool-1-thread-105" [_thread_in_native, id=31060, stack(0x000000002d130000,0x000000002d230000)]
  0x00000000201f9800 JavaThread "pool-1-thread-104" [_thread_in_native, id=30768, stack(0x000000002d030000,0x000000002d130000)]
  0x00000000201d5800 JavaThread "pool-1-thread-103" [_thread_in_native, id=12436, stack(0x000000002cf30000,0x000000002d030000)]
=>0x00000000201d4000 JavaThread "pool-1-thread-102" [_thread_in_native, id=23588, stack(0x000000002ce30000,0x000000002cf30000)]
  0x00000000201d3800 JavaThread "pool-1-thread-101" [_thread_in_native, id=25892, stack(0x000000002cd30000,0x000000002ce30000)]
  0x00000000201d5000 JavaThread "pool-1-thread-100" [_thread_in_native, id=32744, stack(0x000000002cc30000,0x000000002cd30000)]
  0x00000000201d2800 JavaThread "pool-1-thread-99" [_thread_in_native, id=28352, stack(0x000000002cb30000,0x000000002cc30000)]
  0x00000000201d6800 JavaThread "pool-1-thread-98" [_thread_in_native, id=36696, stack(0x000000002ca30000,0x000000002cb30000)]
  0x00000000201d1000 JavaThread "pool-1-thread-96" [_thread_in_native, id=13744, stack(0x000000002c830000,0x000000002c930000)]
  0x00000000201d2000 JavaThread "pool-1-thread-95" [_thread_in_native, id=10288, stack(0x000000002c730000,0x000000002c830000)]
  0x00000000201c9800 JavaThread "pool-1-thread-94" [_thread_in_native, id=19084, stack(0x000000002c630000,0x000000002c730000)]
  0x00000000201cf800 JavaThread "pool-1-thread-93" [_thread_in_native, id=24020, stack(0x000000002c530000,0x000000002c630000)]
  0x00000000201ce000 JavaThread "pool-1-thread-92" [_thread_in_native, id=34228, stack(0x000000002c430000,0x000000002c530000)]
  0x00000000201ca800 JavaThread "pool-1-thread-91" [_thread_in_native, id=19596, stack(0x000000002c330000,0x000000002c430000)]
  0x00000000201cc000 JavaThread "pool-1-thread-90" [_thread_in_native, id=34304, stack(0x000000002c230000,0x000000002c330000)]
  0x00000000201cf000 JavaThread "pool-1-thread-89" [_thread_in_native, id=15244, stack(0x000000002c130000,0x000000002c230000)]
  0x00000000201d0800 JavaThread "pool-1-thread-88" [_thread_in_native, id=12704, stack(0x000000002c030000,0x000000002c130000)]
  0x00000000201c8000 JavaThread "pool-1-thread-87" [_thread_in_native, id=35324, stack(0x000000002bf30000,0x000000002c030000)]
  0x00000000201cd800 JavaThread "pool-1-thread-86" [_thread_in_native, id=24344, stack(0x000000002be30000,0x000000002bf30000)]
  0x00000000201cc800 JavaThread "pool-1-thread-85" [_thread_in_native, id=20316, stack(0x000000002bd30000,0x000000002be30000)]
  0x00000000201c8800 JavaThread "pool-1-thread-84" [_thread_in_native, id=28592, stack(0x000000002bc30000,0x000000002bd30000)]
  0x00000000201c7000 JavaThread "pool-1-thread-83" [_thread_in_native, id=740, stack(0x000000002bb30000,0x000000002bc30000)]
  0x00000000201a5800 JavaThread "pool-1-thread-82" [_thread_in_native, id=24276, stack(0x000000002ba30000,0x000000002bb30000)]
  0x00000000201a4800 JavaThread "pool-1-thread-81" [_thread_in_native, id=540, stack(0x000000002b930000,0x000000002ba30000)]
  0x00000000201a4000 JavaThread "pool-1-thread-80" [_thread_in_native, id=34728, stack(0x000000002b830000,0x000000002b930000)]
  0x00000000201a3000 JavaThread "pool-1-thread-79" [_thread_in_native, id=10868, stack(0x000000002b730000,0x000000002b830000)]
  0x00000000201a1800 JavaThread "pool-1-thread-78" [_thread_in_native, id=31068, stack(0x000000002b630000,0x000000002b730000)]
  0x00000000201a0000 JavaThread "pool-1-thread-77" [_thread_in_native, id=2780, stack(0x000000002b530000,0x000000002b630000)]
  0x000000002019d800 JavaThread "pool-1-thread-76" [_thread_in_native, id=31864, stack(0x000000002b430000,0x000000002b530000)]
  0x00000000201a1000 JavaThread "pool-1-thread-75" [_thread_in_native, id=34652, stack(0x000000002b330000,0x000000002b430000)]
  0x000000002019e800 JavaThread "pool-1-thread-74" [_thread_in_native, id=11660, stack(0x000000002b230000,0x000000002b330000)]
  0x000000002019f000 JavaThread "pool-1-thread-73" [_thread_in_native, id=8032, stack(0x000000002b130000,0x000000002b230000)]
  0x00000000201a2800 JavaThread "pool-1-thread-72" [_thread_in_native, id=33628, stack(0x000000002b030000,0x000000002b130000)]
  0x0000000020196000 JavaThread "pool-1-thread-71" [_thread_in_native, id=33428, stack(0x000000002af30000,0x000000002b030000)]
  0x000000002019c000 JavaThread "pool-1-thread-70" [_thread_in_native, id=27536, stack(0x000000002ae30000,0x000000002af30000)]
  0x000000002019b800 JavaThread "pool-1-thread-69" [_thread_in_native, id=30084, stack(0x000000002ad30000,0x000000002ae30000)]
  0x0000000020197000 JavaThread "pool-1-thread-68" [_thread_in_native, id=26072, stack(0x000000002ac30000,0x000000002ad30000)]
  0x0000000020198800 JavaThread "pool-1-thread-67" [_thread_in_native, id=14524, stack(0x000000002ab30000,0x000000002ac30000)]
  0x0000000020197800 JavaThread "pool-1-thread-66" [_thread_in_native, id=21276, stack(0x000000002aa30000,0x000000002ab30000)]
  0x000000002019d000 JavaThread "pool-1-thread-65" [_thread_in_native, id=29436, stack(0x000000002a930000,0x000000002aa30000)]
  0x000000002019a800 JavaThread "pool-1-thread-64" [_thread_in_native, id=12780, stack(0x000000002a830000,0x000000002a930000)]
  0x0000000020199000 JavaThread "pool-1-thread-63" [_thread_in_native, id=34348, stack(0x000000002a730000,0x000000002a830000)]
  0x000000002019a000 JavaThread "pool-1-thread-62" [_thread_in_native, id=35504, stack(0x000000002a630000,0x000000002a730000)]
  0x0000000020b95800 JavaThread "pool-1-thread-61" [_thread_in_native, id=33432, stack(0x000000002a530000,0x000000002a630000)]
  0x0000000020b94800 JavaThread "pool-1-thread-60" [_thread_in_native, id=28160, stack(0x000000002a430000,0x000000002a530000)]
  0x0000000020b9a000 JavaThread "pool-1-thread-59" [_thread_in_native, id=25424, stack(0x000000002a330000,0x000000002a430000)]
  0x0000000020b97000 JavaThread "pool-1-thread-58" [_thread_in_native, id=19764, stack(0x000000002a230000,0x000000002a330000)]
  0x0000000020b96000 JavaThread "pool-1-thread-57" [_thread_in_native, id=3004, stack(0x000000002a130000,0x000000002a230000)]
  0x0000000020b99000 JavaThread "pool-1-thread-56" [_thread_in_native, id=29440, stack(0x000000002a030000,0x000000002a130000)]
  0x0000000020b9a800 JavaThread "pool-1-thread-55" [_thread_in_native, id=17068, stack(0x0000000029f30000,0x000000002a030000)]
  0x0000000020b9b800 JavaThread "pool-1-thread-54" [_thread_in_native, id=26876, stack(0x0000000029e30000,0x0000000029f30000)]
  0x0000000020b94000 JavaThread "pool-1-thread-53" [_thread_in_native, id=14980, stack(0x0000000029d30000,0x0000000029e30000)]
  0x0000000020b97800 JavaThread "pool-1-thread-52" [_thread_in_native, id=33420, stack(0x0000000029c30000,0x0000000029d30000)]
  0x0000000020b98800 JavaThread "pool-1-thread-51" [_thread_in_native, id=13724, stack(0x0000000029b30000,0x0000000029c30000)]
  0x0000000020b8c800 JavaThread "pool-1-thread-50" [_thread_in_native, id=15412, stack(0x0000000029a30000,0x0000000029b30000)]
  0x0000000020b93000 JavaThread "pool-1-thread-49" [_thread_in_native, id=2260, stack(0x0000000029930000,0x0000000029a30000)]
  0x0000000020b92800 JavaThread "pool-1-thread-48" [_thread_in_native, id=11088, stack(0x0000000029830000,0x0000000029930000)]
  0x0000000020b90000 JavaThread "pool-1-thread-44" [_thread_in_native, id=26528, stack(0x0000000029430000,0x0000000029530000)]
  0x0000000020b8f800 JavaThread "pool-1-thread-43" [_thread_in_native, id=18448, stack(0x0000000029330000,0x0000000029430000)]
  0x0000000020b8e800 JavaThread "pool-1-thread-42" [_thread_in_native, id=36604, stack(0x0000000029230000,0x0000000029330000)]
  0x0000000020b8e000 JavaThread "pool-1-thread-41" [_thread_in_native, id=21004, stack(0x0000000029130000,0x0000000029230000)]
  0x0000000020b73800 JavaThread "pool-1-thread-40" [_thread_in_native, id=36652, stack(0x0000000029030000,0x0000000029130000)]
  0x0000000020b77800 JavaThread "pool-1-thread-39" [_thread_in_native, id=35132, stack(0x0000000028f30000,0x0000000029030000)]
  0x0000000020b76800 JavaThread "pool-1-thread-38" [_thread_in_native, id=10908, stack(0x0000000028e30000,0x0000000028f30000)]
  0x0000000020b74800 JavaThread "pool-1-thread-37" [_thread_in_native, id=21356, stack(0x0000000028d30000,0x0000000028e30000)]
  0x0000000020b76000 JavaThread "pool-1-thread-36" [_thread_in_native, id=36140, stack(0x0000000028c30000,0x0000000028d30000)]
  0x0000000020b75000 JavaThread "pool-1-thread-35" [_thread_in_native, id=20152, stack(0x0000000028b30000,0x0000000028c30000)]
  0x0000000020b6c000 JavaThread "pool-1-thread-34" [_thread_in_native, id=32044, stack(0x0000000028a30000,0x0000000028b30000)]
  0x0000000020b73000 JavaThread "pool-1-thread-33" [_thread_in_native, id=1956, stack(0x0000000028930000,0x0000000028a30000)]
  0x0000000020b6b800 JavaThread "pool-1-thread-32" [_thread_in_native, id=27888, stack(0x0000000028830000,0x0000000028930000)]
  0x0000000020b72000 JavaThread "pool-1-thread-31" [_thread_in_native, id=22568, stack(0x0000000028730000,0x0000000028830000)]
  0x0000000020b71800 JavaThread "pool-1-thread-30" [_thread_in_native, id=11536, stack(0x0000000028630000,0x0000000028730000)]
  0x0000000020b70800 JavaThread "pool-1-thread-29" [_thread_in_native, id=18480, stack(0x0000000028530000,0x0000000028630000)]
  0x0000000020b69000 JavaThread "pool-1-thread-28" [_thread_in_native, id=32824, stack(0x0000000028430000,0x0000000028530000)]
  0x0000000020b70000 JavaThread "pool-1-thread-27" [_thread_in_native, id=29964, stack(0x0000000028330000,0x0000000028430000)]
  0x0000000020b6d800 JavaThread "pool-1-thread-26" [_thread_in_native, id=35640, stack(0x0000000028230000,0x0000000028330000)]
  0x0000000020b68800 JavaThread "pool-1-thread-24" [_thread_in_native, id=26676, stack(0x0000000028030000,0x0000000028130000)]
  0x0000000020b6e800 JavaThread "pool-1-thread-23" [_thread_in_native, id=37544, stack(0x0000000027f30000,0x0000000028030000)]
  0x0000000020b6d000 JavaThread "pool-1-thread-20" [_thread_in_native, id=24460, stack(0x0000000027c30000,0x0000000027d30000)]
  0x000000001ffae800 JavaThread "pool-1-thread-19" [_thread_in_native, id=20772, stack(0x0000000027b30000,0x0000000027c30000)]
  0x000000001ffae000 JavaThread "pool-1-thread-18" [_thread_in_native, id=31768, stack(0x0000000027a30000,0x0000000027b30000)]
  0x000000001ffb4000 JavaThread "pool-1-thread-17" [_thread_in_native, id=20336, stack(0x0000000027930000,0x0000000027a30000)]
  0x000000001ffb2800 JavaThread "pool-1-thread-16" [_thread_in_native, id=32300, stack(0x0000000027830000,0x0000000027930000)]
  0x000000001ffb0000 JavaThread "pool-1-thread-15" [_thread_in_native, id=30744, stack(0x0000000027730000,0x0000000027830000)]
  0x000000001ffb1800 JavaThread "pool-1-thread-13" [_thread_in_native, id=31384, stack(0x0000000027530000,0x0000000027630000)]
  0x000000001ffb1000 JavaThread "pool-1-thread-12" [_thread_in_native, id=5020, stack(0x0000000027430000,0x0000000027530000)]
  0x000000001ffb4800 JavaThread "pool-1-thread-11" [_thread_in_native, id=34084, stack(0x0000000027330000,0x0000000027430000)]
  0x000000001ffb3000 JavaThread "pool-1-thread-10" [_thread_in_native, id=28996, stack(0x0000000027230000,0x0000000027330000)]
  0x00000000200e8000 JavaThread "pool-1-thread-9" [_thread_in_native, id=35440, stack(0x0000000027130000,0x0000000027230000)]
  0x00000000200e7000 JavaThread "pool-1-thread-8" [_thread_in_native, id=33488, stack(0x0000000027030000,0x0000000027130000)]
  0x00000000200e4800 JavaThread "pool-1-thread-7" [_thread_in_native, id=9628, stack(0x0000000026f30000,0x0000000027030000)]
  0x0000000020193000 JavaThread "pool-1-thread-6" [_thread_in_native, id=37232, stack(0x0000000026e30000,0x0000000026f30000)]
  0x0000000020192800 JavaThread "pool-1-thread-5" [_thread_in_native, id=11208, stack(0x0000000026d30000,0x0000000026e30000)]
  0x0000000020191800 JavaThread "pool-1-thread-4" [_thread_in_native, id=17296, stack(0x0000000026c30000,0x0000000026d30000)]
  0x0000000020191000 JavaThread "pool-1-thread-3" [_thread_in_native, id=3460, stack(0x0000000026b30000,0x0000000026c30000)]
  0x000000002018e000 JavaThread "pool-1-thread-2" [_thread_in_native, id=18500, stack(0x0000000022910000,0x0000000022a10000)]
  0x0000000020b01800 JavaThread "pool-1-thread-1" [_thread_in_native, id=25596, stack(0x0000000022700000,0x0000000022800000)]
  0x000000001fd1c000 JavaThread "Service Thread" daemon [_thread_blocked, id=25824, stack(0x00000000207a0000,0x00000000208a0000)]
  0x000000001fc84800 JavaThread "C1 CompilerThread3" daemon [_thread_blocked, id=29284, stack(0x00000000206a0000,0x00000000207a0000)]
  0x000000001fc83000 JavaThread "C2 CompilerThread2" daemon [_thread_in_native, id=9564, stack(0x00000000205a0000,0x00000000206a0000)]
  0x000000001fc80000 JavaThread "C2 CompilerThread1" daemon [_thread_in_native, id=17492, stack(0x00000000204a0000,0x00000000205a0000)]
  0x000000001fc7d800 JavaThread "C2 CompilerThread0" daemon [_thread_in_native, id=6424, stack(0x00000000203a0000,0x00000000204a0000)]
  0x000000001fbf9000 JavaThread "Monitor Ctrl-Break" daemon [_thread_in_native, id=33856, stack(0x00000000202a0000,0x00000000203a0000)]
  0x000000001e45f000 JavaThread "Attach Listener" daemon [_thread_blocked, id=21124, stack(0x000000001f9a0000,0x000000001faa0000)]
  0x000000001e45e800 JavaThread "Signal Dispatcher" daemon [_thread_blocked, id=16764, stack(0x000000001f8a0000,0x000000001f9a0000)]
  0x000000001cd66000 JavaThread "Finalizer" daemon [_thread_blocked, id=27556, stack(0x000000001f6a0000,0x000000001f7a0000)]
  0x000000001e443000 JavaThread "Reference Handler" daemon [_thread_blocked, id=34800, stack(0x000000001f5a0000,0x000000001f6a0000)]

Other Threads:
  0x000000001e422800 VMThread [stack: 0x000000001f4a0000,0x000000001f5a0000] [id=28784]
  0x000000001fdd3800 WatcherThread [stack: 0x00000000208a0000,0x00000000209a0000] [id=9748]

VM state:not at safepoint (normal execution)

VM Mutex/Monitor currently owned by a thread: None

heap address: 0x00000006c2c00000, size: 4052 MB, Compressed Oops mode: Zero based, Oop shift amount: 3
Narrow klass base: 0x0000000000000000, Narrow klass shift: 3
Compressed class space size: 1073741824 Address: 0x00000007c0000000

Heap:
 PSYoungGen      total 840192K, used 676548K [0x000000076b980000, 0x00000007a1a80000, 0x00000007c0000000)
  eden space 820736K, 80% used [0x000000076b980000,0x0000000793b34730,0x000000079db00000)
  from space 19456K, 99% used [0x000000079f680000,0x00000007a097cae8,0x00000007a0980000)
  to   space 28160K, 0% used [0x000000079db00000,0x000000079db00000,0x000000079f680000)
 ParOldGen       total 173568K, used 35497K [0x00000006c2c00000, 0x00000006cd580000, 0x000000076b980000)
  object space 173568K, 20% used [0x00000006c2c00000,0x00000006c4eaa7d0,0x00000006cd580000)
 Metaspace       used 14237K, capacity 14548K, committed 14720K, reserved 1062912K
  class space    used 1435K, capacity 1544K, committed 1664K, reserved 1048576K

Card table byte_map: [0x00000000125a0000,0x0000000012d90000] byte_map_base: 0x000000000ef8a000

Marking Bits: (ParMarkBitMap*) 0x0000000076865ce0
 Begin Bits: [0x0000000013ce0000, 0x0000000017c30000)
 End Bits:   [0x0000000017c30000, 0x000000001bb80000)

Polling page: 0x0000000001480000

CodeCache: size=245760Kb used=10452Kb max_used=10464Kb free=235307Kb
 bounds [0x00000000031e0000, 0x0000000003c30000, 0x00000000121e0000]
 total_blobs=3618 nmethods=3187 adapters=343
 compilation: enabled

Compilation events (10 events):
Event: 4.206 Thread 0x000000001fc84800 nmethod 3218 0x0000000003bf5b90 code [0x0000000003bf6040, 0x0000000003bf7a78]
Event: 4.206 Thread 0x000000001fc84800 3210       2       sun.security.internal.spec.TlsKeyMaterialParameterSpec::getServerRandom (11 bytes)
Event: 4.206 Thread 0x000000001fc84800 nmethod 3210 0x0000000003bcd9d0 code [0x0000000003bcdb40, 0x0000000003bcdce8]
Event: 4.208 Thread 0x000000001fc7d800 nmethod 2488 0x0000000003bfa2d0 code [0x0000000003bfa440, 0x0000000003bfa998]
Event: 4.208 Thread 0x000000001fc7d800 2502       4       comp4321.group2.searchengine.utils.Porter::stripAffixes (45 bytes)
Event: 4.228 Thread 0x000000001fc84800 3227   !   2       sun.security.ssl.HandshakeHash::protocolDetermined (121 bytes)
Event: 4.229 Thread 0x000000001fc84800 nmethod 3227 0x0000000003bcc910 code [0x0000000003bccb20, 0x0000000003bcd3a8]
Event: 4.229 Thread 0x000000001fc84800 3228       2       sun.security.internal.spec.TlsMasterSecretParameterSpec::checkVersion (23 bytes)
Event: 4.229 Thread 0x000000001fc84800 nmethod 3228 0x0000000003bcc4d0 code [0x0000000003bcc640, 0x0000000003bcc828]
Event: 4.229 Thread 0x000000001fc84800 3230       2       sun.security.ssl.SSLSessionImpl::setAsSessionResumption (6 bytes)

GC Heap History (10 events):
Event: 2.920 GC heap before
{Heap before GC invocations=6 (full 0):
 PSYoungGen      total 140800K, used 140793K [0x000000076b980000, 0x000000077d680000, 0x00000007c0000000)
  eden space 130048K, 100% used [0x000000076b980000,0x0000000773880000,0x0000000773880000)
  from space 10752K, 99% used [0x0000000773880000,0x00000007742fe4e0,0x0000000774300000)
  to   space 15872K, 0% used [0x000000077c700000,0x000000077c700000,0x000000077d680000)
 ParOldGen       total 173568K, used 5690K [0x00000006c2c00000, 0x00000006cd580000, 0x000000076b980000)
  object space 173568K, 3% used [0x00000006c2c00000,0x00000006c318e8e8,0x00000006cd580000)
 Metaspace       used 12099K, capacity 12320K, committed 12416K, reserved 1060864K
  class space    used 1310K, capacity 1404K, committed 1408K, reserved 1048576K
Event: 2.926 GC heap after
Heap after GC invocations=6 (full 0):
 PSYoungGen      total 274944K, used 13640K [0x000000076b980000, 0x000000077d880000, 0x00000007c0000000)
  eden space 259072K, 0% used [0x000000076b980000,0x000000076b980000,0x000000077b680000)
  from space 15872K, 85% used [0x000000077c700000,0x000000077d452120,0x000000077d680000)
  to   space 16896K, 0% used [0x000000077b680000,0x000000077b680000,0x000000077c700000)
 ParOldGen       total 173568K, used 5698K [0x00000006c2c00000, 0x00000006cd580000, 0x000000076b980000)
  object space 173568K, 3% used [0x00000006c2c00000,0x00000006c31908e8,0x00000006cd580000)
 Metaspace       used 12099K, capacity 12320K, committed 12416K, reserved 1060864K
  class space    used 1310K, capacity 1404K, committed 1408K, reserved 1048576K
}
Event: 3.476 GC heap before
{Heap before GC invocations=7 (full 0):
 PSYoungGen      total 274944K, used 272712K [0x000000076b980000, 0x000000077d880000, 0x00000007c0000000)
  eden space 259072K, 100% used [0x000000076b980000,0x000000077b680000,0x000000077b680000)
  from space 15872K, 85% used [0x000000077c700000,0x000000077d452120,0x000000077d680000)
  to   space 16896K, 0% used [0x000000077b680000,0x000000077b680000,0x000000077c700000)
 ParOldGen       total 173568K, used 5698K [0x00000006c2c00000, 0x00000006cd580000, 0x000000076b980000)
  object space 173568K, 3% used [0x00000006c2c00000,0x00000006c31908e8,0x00000006cd580000)
 Metaspace       used 12752K, capacity 13038K, committed 13312K, reserved 1060864K
  class space    used 1356K, capacity 1447K, committed 1536K, reserved 1048576K
Event: 3.485 GC heap after
Heap after GC invocations=7 (full 0):
 PSYoungGen      total 275968K, used 14507K [0x000000076b980000, 0x000000078d680000, 0x00000007c0000000)
  eden space 259072K, 0% used [0x000000076b980000,0x000000076b980000,0x000000077b680000)
  from space 16896K, 85% used [0x000000077b680000,0x000000077c4aafb8,0x000000077c700000)
  to   space 17920K, 0% used [0x000000078c500000,0x000000078c500000,0x000000078d680000)
 ParOldGen       total 173568K, used 9273K [0x00000006c2c00000, 0x00000006cd580000, 0x000000076b980000)
  object space 173568K, 5% used [0x00000006c2c00000,0x00000006c350e4a0,0x00000006cd580000)
 Metaspace       used 12752K, capacity 13038K, committed 13312K, reserved 1060864K
  class space    used 1356K, capacity 1447K, committed 1536K, reserved 1048576K
}
Event: 3.490 GC heap before
{Heap before GC invocations=8 (full 0):
 PSYoungGen      total 275968K, used 273579K [0x000000076b980000, 0x000000078d680000, 0x00000007c0000000)
  eden space 259072K, 100% used [0x000000076b980000,0x000000077b680000,0x000000077b680000)
  from space 16896K, 85% used [0x000000077b680000,0x000000077c4aafb8,0x000000077c700000)
  to   space 17920K, 0% used [0x000000078c500000,0x000000078c500000,0x000000078d680000)
 ParOldGen       total 173568K, used 9273K [0x00000006c2c00000, 0x00000006cd580000, 0x000000076b980000)
  object space 173568K, 5% used [0x00000006c2c00000,0x00000006c350e4a0,0x00000006cd580000)
 Metaspace       used 12798K, capacity 13038K, committed 13312K, reserved 1060864K
  class space    used 1356K, capacity 1447K, committed 1536K, reserved 1048576K
Event: 3.495 GC heap after
Heap after GC invocations=8 (full 0):
 PSYoungGen      total 536064K, used 13396K [0x000000076b980000, 0x000000078d680000, 0x00000007c0000000)
  eden space 518144K, 0% used [0x000000076b980000,0x000000076b980000,0x000000078b380000)
  from space 17920K, 74% used [0x000000078c500000,0x000000078d215288,0x000000078d680000)
  to   space 17920K, 0% used [0x000000078b380000,0x000000078b380000,0x000000078c500000)
 ParOldGen       total 173568K, used 11917K [0x00000006c2c00000, 0x00000006cd580000, 0x000000076b980000)
  object space 173568K, 6% used [0x00000006c2c00000,0x00000006c37a3620,0x00000006cd580000)
 Metaspace       used 12798K, capacity 13038K, committed 13312K, reserved 1060864K
  class space    used 1356K, capacity 1447K, committed 1536K, reserved 1048576K
}
Event: 3.611 GC heap before
{Heap before GC invocations=9 (full 0):
 PSYoungGen      total 536064K, used 531540K [0x000000076b980000, 0x000000078d680000, 0x00000007c0000000)
  eden space 518144K, 100% used [0x000000076b980000,0x000000078b380000,0x000000078b380000)
  from space 17920K, 74% used [0x000000078c500000,0x000000078d215288,0x000000078d680000)
  to   space 17920K, 0% used [0x000000078b380000,0x000000078b380000,0x000000078c500000)
 ParOldGen       total 173568K, used 11917K [0x00000006c2c00000, 0x00000006cd580000, 0x000000076b980000)
  object space 173568K, 6% used [0x00000006c2c00000,0x00000006c37a3620,0x00000006cd580000)
 Metaspace       used 13023K, capacity 13294K, committed 13568K, reserved 1060864K
  class space    used 1361K, capacity 1447K, committed 1536K, reserved 1048576K
Event: 3.619 GC heap after
Heap after GC invocations=9 (full 0):
 PSYoungGen      total 536064K, used 17845K [0x000000076b980000, 0x00000007a0980000, 0x00000007c0000000)
  eden space 518144K, 0% used [0x000000076b980000,0x000000076b980000,0x000000078b380000)
  from space 17920K, 99% used [0x000000078b380000,0x000000078c4ed438,0x000000078c500000)
  to   space 19456K, 0% used [0x000000079f680000,0x000000079f680000,0x00000007a0980000)
 ParOldGen       total 173568K, used 16833K [0x00000006c2c00000, 0x00000006cd580000, 0x000000076b980000)
  object space 173568K, 9% used [0x00000006c2c00000,0x00000006c3c70520,0x00000006cd580000)
 Metaspace       used 13023K, capacity 13294K, committed 13568K, reserved 1060864K
  class space    used 1361K, capacity 1447K, committed 1536K, reserved 1048576K
}
Event: 3.891 GC heap before
{Heap before GC invocations=10 (full 0):
 PSYoungGen      total 536064K, used 535989K [0x000000076b980000, 0x00000007a0980000, 0x00000007c0000000)
  eden space 518144K, 100% used [0x000000076b980000,0x000000078b380000,0x000000078b380000)
  from space 17920K, 99% used [0x000000078b380000,0x000000078c4ed438,0x000000078c500000)
  to   space 19456K, 0% used [0x000000079f680000,0x000000079f680000,0x00000007a0980000)
 ParOldGen       total 173568K, used 16833K [0x00000006c2c00000, 0x00000006cd580000, 0x000000076b980000)
  object space 173568K, 9% used [0x00000006c2c00000,0x00000006c3c70520,0x00000006cd580000)
 Metaspace       used 13327K, capacity 13550K, committed 13824K, reserved 1060864K
  class space    used 1361K, capacity 1447K, committed 1536K, reserved 1048576K
Event: 3.910 GC heap after
Heap after GC invocations=10 (full 0):
 PSYoungGen      total 840192K, used 19442K [0x000000076b980000, 0x00000007a1a80000, 0x00000007c0000000)
  eden space 820736K, 0% used [0x000000076b980000,0x000000076b980000,0x000000079db00000)
  from space 19456K, 99% used [0x000000079f680000,0x00000007a097cae8,0x00000007a0980000)
  to   space 28160K, 0% used [0x000000079db00000,0x000000079db00000,0x000000079f680000)
 ParOldGen       total 173568K, used 35497K [0x00000006c2c00000, 0x00000006cd580000, 0x000000076b980000)
  object space 173568K, 20% used [0x00000006c2c00000,0x00000006c4eaa7d0,0x00000006cd580000)
 Metaspace       used 13327K, capacity 13550K, committed 13824K, reserved 1060864K
  class space    used 1361K, capacity 1447K, committed 1536K, reserved 1048576K
}

Deoptimization events (10 events):
Event: 4.036 Thread 0x0000000020b6a800 Uncommon trap: reason=unstable_if action=reinterpret pc=0x0000000003a56284 method=org.jsoup.nodes.Attributes.hasKeyIgnoreCase(Ljava/lang/String;)Z @ 6
Event: 4.038 Thread 0x0000000020b6a800 Uncommon trap: reason=unstable_if action=reinterpret pc=0x0000000003a0e48c method=org.jsoup.internal.StringUtil.isActuallyWhitespace(I)Z @ 34
Event: 4.038 Thread 0x0000000020b6a800 Uncommon trap: reason=unstable_if action=reinterpret pc=0x00000000037cc1b0 method=org.jsoup.internal.StringUtil.isActuallyWhitespace(I)Z @ 34
Event: 4.040 Thread 0x0000000002fda000 Uncommon trap: reason=class_check action=maybe_recompile pc=0x00000000036977c4 method=java.util.regex.Pattern$Branch.match(Ljava/util/regex/Matcher;ILjava/lang/CharSequence;)Z @ 32
Event: 4.040 Thread 0x0000000002fda000 Uncommon trap: reason=class_check action=maybe_recompile pc=0x00000000036977c4 method=java.util.regex.Pattern$Branch.match(Ljava/util/regex/Matcher;ILjava/lang/CharSequence;)Z @ 32
Event: 4.040 Thread 0x0000000002fda000 Uncommon trap: reason=class_check action=maybe_recompile pc=0x00000000036977c4 method=java.util.regex.Pattern$Branch.match(Ljava/util/regex/Matcher;ILjava/lang/CharSequence;)Z @ 32
Event: 4.040 Thread 0x0000000002fda000 Uncommon trap: reason=class_check action=maybe_recompile pc=0x00000000036977c4 method=java.util.regex.Pattern$Branch.match(Ljava/util/regex/Matcher;ILjava/lang/CharSequence;)Z @ 32
Event: 4.045 Thread 0x0000000020b6a800 Uncommon trap: reason=unstable_if action=reinterpret pc=0x0000000003985324 method=java.lang.Integer.valueOf(I)Ljava/lang/Integer; @ 3
Event: 4.063 Thread 0x0000000002fda000 Uncommon trap: reason=unstable_if action=reinterpret pc=0x00000000035479c4 method=sun.nio.cs.UTF_8$Decoder.decode([BII[C)I @ 30
Event: 4.166 Thread 0x0000000002fda000 Uncommon trap: reason=unstable_if action=reinterpret pc=0x0000000003bbf814 method=java.lang.Character.isSurrogate(C)Z @ 9

Classes redefined (0 events):
No events

Internal exceptions (10 events):
Event: 3.750 Thread 0x000000001ffb4000 Exception <a 'java/lang/ClassNotFoundException': sun/net/www/protocol/javascript/Handler> (0x00000007799bcd38) thrown at [C:\re\workspace\8-2-build-windows-amd64-cygwin\jdk8u221\13320\hotspot\src\share\vm\classfile\systemDictionary.cpp, line 210]
Event: 3.750 Thread 0x000000001ffb4000 Exception <a 'java/lang/ClassNotFoundException': sun/net/www/protocol/javascript/Handler> (0x00000007799c8db8) thrown at [C:\re\workspace\8-2-build-windows-amd64-cygwin\jdk8u221\13320\hotspot\src\share\vm\classfile\systemDictionary.cpp, line 210]
Event: 3.750 Thread 0x000000001ffb4000 Exception <a 'java/lang/ClassNotFoundException': sun/net/www/protocol/javascript/Handler> (0x00000007799d4c18) thrown at [C:\re\workspace\8-2-build-windows-amd64-cygwin\jdk8u221\13320\hotspot\src\share\vm\classfile\systemDictionary.cpp, line 210]
Event: 3.751 Thread 0x000000001ffb4000 Exception <a 'java/lang/ClassNotFoundException': sun/net/www/protocol/javascript/Handler> (0x00000007799e0a78) thrown at [C:\re\workspace\8-2-build-windows-amd64-cygwin\jdk8u221\13320\hotspot\src\share\vm\classfile\systemDictionary.cpp, line 210]
Event: 3.751 Thread 0x000000001ffb4000 Exception <a 'java/lang/ClassNotFoundException': sun/net/www/protocol/javascript/Handler> (0x00000007799ec8d8) thrown at [C:\re\workspace\8-2-build-windows-amd64-cygwin\jdk8u221\13320\hotspot\src\share\vm\classfile\systemDictionary.cpp, line 210]
Event: 3.751 Thread 0x000000001ffb4000 Exception <a 'java/lang/ClassNotFoundException': sun/net/www/protocol/javascript/Handler> (0x00000007799f8738) thrown at [C:\re\workspace\8-2-build-windows-amd64-cygwin\jdk8u221\13320\hotspot\src\share\vm\classfile\systemDictionary.cpp, line 210]
Event: 3.751 Thread 0x000000001ffb4000 Exception <a 'java/lang/ClassNotFoundException': sun/net/www/protocol/javascript/Handler> (0x0000000779a047e8) thrown at [C:\re\workspace\8-2-build-windows-amd64-cygwin\jdk8u221\13320\hotspot\src\share\vm\classfile\systemDictionary.cpp, line 210]
Event: 3.751 Thread 0x000000001ffb4000 Exception <a 'java/lang/ClassNotFoundException': sun/net/www/protocol/javascript/Handler> (0x0000000779a10898) thrown at [C:\re\workspace\8-2-build-windows-amd64-cygwin\jdk8u221\13320\hotspot\src\share\vm\classfile\systemDictionary.cpp, line 210]
Event: 3.752 Thread 0x000000001ffb4000 Exception <a 'java/lang/ClassNotFoundException': sun/net/www/protocol/javascript/Handler> (0x0000000779a1c948) thrown at [C:\re\workspace\8-2-build-windows-amd64-cygwin\jdk8u221\13320\hotspot\src\share\vm\classfile\systemDictionary.cpp, line 210]
Event: 3.789 Thread 0x00000000201cd800 Implicit null exception at 0x0000000003a1c087 to 0x0000000003a1d039

Events (10 events):
Event: 4.201 Thread 0x0000000020b91000 Thread exited: 0x0000000020b91000
Event: 4.201 Thread 0x0000000020bc0000 Thread exited: 0x0000000020bc0000
Event: 4.201 Thread 0x0000000020b8d000 Thread exited: 0x0000000020b8d000
Event: 4.214 Thread 0x0000000020b6f000 Thread exited: 0x0000000020b6f000
Event: 4.227 Executing VM operation: EnableBiasedLocking
Event: 4.228 Executing VM operation: EnableBiasedLocking done
Event: 4.228 Thread 0x0000000020bf0800 DEOPT PACKING pc=0x0000000003748eb4 sp=0x000000003392e770
Event: 4.228 Thread 0x0000000020bf0800 DEOPT UNPACKING pc=0x0000000003227890 sp=0x000000003392e580 mode 0
Event: 4.229 Thread 0x0000000020bbc000 Thread added: 0x0000000020bbc000
Event: 4.229 Executing VM operation: RevokeBias


Dynamic libraries:
0x00007ff72eaa0000 - 0x00007ff72ead7000 	C:\Program Files\Java\jdk1.8.0_221\bin\java.exe
0x00007ffc46f90000 - 0x00007ffc47185000 	C:\WINDOWS\SYSTEM32\ntdll.dll
0x00007ffc46100000 - 0x00007ffc461bd000 	C:\WINDOWS\System32\KERNEL32.DLL
0x00007ffc44c70000 - 0x00007ffc44f38000 	C:\WINDOWS\System32\KERNELBASE.dll
0x00007ffc46cd0000 - 0x00007ffc46d7c000 	C:\WINDOWS\System32\ADVAPI32.dll
0x00007ffc45640000 - 0x00007ffc456de000 	C:\WINDOWS\System32\msvcrt.dll
0x00007ffc452e0000 - 0x00007ffc4537b000 	C:\WINDOWS\System32\sechost.dll
0x00007ffc46ba0000 - 0x00007ffc46ccb000 	C:\WINDOWS\System32\RPCRT4.dll
0x00007ffc45710000 - 0x00007ffc458b0000 	C:\WINDOWS\System32\USER32.dll
0x00007ffc44c40000 - 0x00007ffc44c62000 	C:\WINDOWS\System32\win32u.dll
0x00007ffc46690000 - 0x00007ffc466ba000 	C:\WINDOWS\System32\GDI32.dll
0x00007ffc447e0000 - 0x00007ffc448eb000 	C:\WINDOWS\System32\gdi32full.dll
0x00007ffc448f0000 - 0x00007ffc4498d000 	C:\WINDOWS\System32\msvcp_win.dll
0x00007ffc44b40000 - 0x00007ffc44c40000 	C:\WINDOWS\System32\ucrtbase.dll
0x00007ffc30880000 - 0x00007ffc30b1a000 	C:\WINDOWS\WinSxS\amd64_microsoft.windows.common-controls_6595b64144ccf1df_6.0.19041.844_none_ca00b6081b84eb1d\COMCTL32.dll
0x00007ffc44ff0000 - 0x00007ffc45020000 	C:\WINDOWS\System32\IMM32.DLL
0x00000000768f0000 - 0x00000000769c2000 	C:\Program Files\Java\jdk1.8.0_221\jre\bin\msvcr100.dll
0x0000000076040000 - 0x00000000768e5000 	C:\Program Files\Java\jdk1.8.0_221\jre\bin\server\jvm.dll
0x00007ffc45700000 - 0x00007ffc45708000 	C:\WINDOWS\System32\PSAPI.DLL
0x00007ffbfcaf0000 - 0x00007ffbfcaf9000 	C:\WINDOWS\SYSTEM32\WSOCK32.dll
0x00007ffc43530000 - 0x00007ffc4353a000 	C:\WINDOWS\SYSTEM32\VERSION.dll
0x00007ffc2e7f0000 - 0x00007ffc2e817000 	C:\WINDOWS\SYSTEM32\WINMM.dll
0x00007ffc46d80000 - 0x00007ffc46deb000 	C:\WINDOWS\System32\WS2_32.dll
0x00007ffc3f3f0000 - 0x00007ffc3f3ff000 	C:\Program Files\Java\jdk1.8.0_221\jre\bin\verify.dll
0x00007ffc3c5d0000 - 0x00007ffc3c5f9000 	C:\Program Files\Java\jdk1.8.0_221\jre\bin\java.dll
0x00007ffc24c40000 - 0x00007ffc24c63000 	C:\Program Files\Java\jdk1.8.0_221\jre\bin\instrument.dll
0x00007ffc28570000 - 0x00007ffc28586000 	C:\Program Files\Java\jdk1.8.0_221\jre\bin\zip.dll
0x00007ffc45950000 - 0x00007ffc46092000 	C:\WINDOWS\System32\SHELL32.dll
0x00007ffc42d50000 - 0x00007ffc434e1000 	C:\WINDOWS\SYSTEM32\windows.storage.dll
0x00007ffc46840000 - 0x00007ffc46b95000 	C:\WINDOWS\System32\combase.dll
0x00007ffc44140000 - 0x00007ffc4416c000 	C:\WINDOWS\SYSTEM32\Wldp.dll
0x00007ffc45150000 - 0x00007ffc451fe000 	C:\WINDOWS\System32\SHCORE.dll
0x00007ffc461c0000 - 0x00007ffc46215000 	C:\WINDOWS\System32\shlwapi.dll
0x00007ffc44610000 - 0x00007ffc4462f000 	C:\WINDOWS\SYSTEM32\profapi.dll
0x00007ffc25aa0000 - 0x00007ffc25aba000 	C:\Program Files\JetBrains\IntelliJ IDEA Community Edition 2021.1\bin\breakgen64.dll
0x00007ffc25e50000 - 0x00007ffc25e6a000 	C:\Program Files\Java\jdk1.8.0_221\jre\bin\net.dll
0x00007ffc38740000 - 0x00007ffc3892e000 	C:\WINDOWS\SYSTEM32\urlmon.dll
0x00007ffc38350000 - 0x00007ffc38600000 	C:\WINDOWS\SYSTEM32\iertutil.dll
0x00007ffc43e90000 - 0x00007ffc43efa000 	C:\WINDOWS\system32\mswsock.dll
0x00007ffc44090000 - 0x00007ffc440a8000 	C:\WINDOWS\SYSTEM32\CRYPTSP.dll
0x00007ffc437a0000 - 0x00007ffc437d4000 	C:\WINDOWS\system32\rsaenh.dll
0x00007ffc44730000 - 0x00007ffc44757000 	C:\WINDOWS\System32\bcrypt.dll
0x00007ffc44590000 - 0x00007ffc445be000 	C:\WINDOWS\SYSTEM32\USERENV.dll
0x00007ffc44760000 - 0x00007ffc447e0000 	C:\WINDOWS\System32\bcryptprimitives.dll
0x00007ffc44080000 - 0x00007ffc4408c000 	C:\WINDOWS\SYSTEM32\CRYPTBASE.dll
0x00007ffc43b20000 - 0x00007ffc43b5b000 	C:\WINDOWS\SYSTEM32\IPHLPAPI.DLL
0x00007ffc458b0000 - 0x00007ffc458b8000 	C:\WINDOWS\System32\NSI.dll
0x00007ffc3d980000 - 0x00007ffc3d997000 	C:\WINDOWS\SYSTEM32\dhcpcsvc6.DLL
0x00007ffc3d8d0000 - 0x00007ffc3d8ed000 	C:\WINDOWS\SYSTEM32\dhcpcsvc.DLL
0x00007ffc43b60000 - 0x00007ffc43c2c000 	C:\WINDOWS\SYSTEM32\DNSAPI.dll
0x00007ffc25e30000 - 0x00007ffc25e42000 	C:\Program Files\Java\jdk1.8.0_221\jre\bin\nio.dll
0x00007ffbe5bc0000 - 0x00007ffbe61ba000 	C:\Users\josef\AppData\Local\Temp\librocksdbjni117407812205467574.dll
0x00007ffc36cc0000 - 0x00007ffc36cd9000 	C:\WINDOWS\SYSTEM32\VCRUNTIME140.dll
0x00007ffc36d10000 - 0x00007ffc36da2000 	C:\WINDOWS\SYSTEM32\MSVCP140.dll
0x00007ffc36cb0000 - 0x00007ffc36cbc000 	C:\WINDOWS\SYSTEM32\VCRUNTIME140_1.dll
0x00007ffc434f0000 - 0x00007ffc43502000 	C:\WINDOWS\SYSTEM32\kernel.appcore.dll
0x00007ffc1d010000 - 0x00007ffc1d034000 	C:\Program Files\Java\jdk1.8.0_221\jre\bin\sunec.dll
0x00007ffc3c7d0000 - 0x00007ffc3c7db000 	C:\Program Files\Java\jdk1.8.0_221\jre\bin\sunmscapi.dll
0x00007ffc449e0000 - 0x00007ffc44b3f000 	C:\WINDOWS\System32\CRYPT32.dll
0x00007ffc3dd80000 - 0x00007ffc3dd8a000 	C:\Windows\System32\rasadhlp.dll
0x00007ffc3b9a0000 - 0x00007ffc3ba1f000 	C:\WINDOWS\System32\fwpuclnt.dll
0x00007ffc42320000 - 0x00007ffc42504000 	C:\WINDOWS\SYSTEM32\dbghelp.dll

VM Arguments:
jvm_args: -javaagent:C:\Program Files\JetBrains\IntelliJ IDEA Community Edition 2021.1\lib\idea_rt.jar=57974:C:\Program Files\JetBrains\IntelliJ IDEA Community Edition 2021.1\bin -Dfile.encoding=UTF-8 
java_command: comp4321.group2.searchengine.crawler.FastCrawler
java_class_path (initial): C:\Program Files\Java\jdk1.8.0_221\jre\lib\charsets.jar;C:\Program Files\Java\jdk1.8.0_221\jre\lib\deploy.jar;C:\Program Files\Java\jdk1.8.0_221\jre\lib\ext\access-bridge-64.jar;C:\Program Files\Java\jdk1.8.0_221\jre\lib\ext\cldrdata.jar;C:\Program Files\Java\jdk1.8.0_221\jre\lib\ext\dnsns.jar;C:\Program Files\Java\jdk1.8.0_221\jre\lib\ext\jaccess.jar;C:\Program Files\Java\jdk1.8.0_221\jre\lib\ext\jfxrt.jar;C:\Program Files\Java\jdk1.8.0_221\jre\lib\ext\localedata.jar;C:\Program Files\Java\jdk1.8.0_221\jre\lib\ext\nashorn.jar;C:\Program Files\Java\jdk1.8.0_221\jre\lib\ext\sunec.jar;C:\Program Files\Java\jdk1.8.0_221\jre\lib\ext\sunjce_provider.jar;C:\Program Files\Java\jdk1.8.0_221\jre\lib\ext\sunmscapi.jar;C:\Program Files\Java\jdk1.8.0_221\jre\lib\ext\sunpkcs11.jar;C:\Program Files\Java\jdk1.8.0_221\jre\lib\ext\zipfs.jar;C:\Program Files\Java\jdk1.8.0_221\jre\lib\javaws.jar;C:\Program Files\Java\jdk1.8.0_221\jre\lib\jce.jar;C:\Program Files\Java\jdk1.8.0_221\jre\lib\jfr.jar;C:\Program Files\Java\jdk1.8.0_221\jre\lib\jfxswt.jar;C:\Program Files\Java\jdk1.8.0_221\jre\lib\jsse.jar;C:\Program Files\Java\jdk1.8.0_221\jre\lib\management-agent.jar;C:\Program Files\Java\jdk1.8.0_221\jre\lib\plugin.jar;C:\Program Files\Java\jdk1.8.0_221\jre\lib\resources.jar;C:\Program Files\Java\jdk1.8.0_221\jre\lib\rt.jar;D:\HKUST\Semester 6\COMP4321\searchengine\target\classes;C:\Users\josef\.m2\repository\org\springframework\boot\spring-boot-starter-web\2.4.5\spring-boot-starter-web-2.4.5.jar;C:\Users\josef\.m2\repository\org\springframework\boot\spring-boot-starter\2.4.5\spring-boot-starter-2.4.5.jar;C:\Users\josef\.m2\repository\org\springframework\boot\spring-boot\2.4.5\spring-boot-2.4.5.jar;C:\Users\josef\.m2\repository\org\springframework\boot\spring-boot-autoconfigure\2.4.5\spring-boot-autoconfigure-2.4.5.jar;C:\Users\josef\.m2\repository\org\springframework\boot\spring-boot-starter-logging\2.4.5\spring-boot-starter-logging-2.4.5.jar;C:\Users\josef\.m
Launcher Type: SUN_STANDARD

Environment Variables:
JAVA_HOME=C:\Program Files\Java\jdk1.8.0_221
PATH=C:\Perl64\bin;C:\Users\josef\AppData\Roaming\ActiveState\bin;C:\Python38\Scripts\;C:\Python38\;C:\Program Files (x86)\Common Files\Oracle\Java\javapath;C:\Windows\system32;C:\Windows;C:\Windows\System32\Wbem;C:\Windows\System32\WindowsPowerShell\v1.0\;C:\Windows\System32\OpenSSH\;C:\Program Files (x86)\NVIDIA Corporation\PhysX\Common;C:\Program Files\NVIDIA Corporation\NVIDIA NvDLISR;C:\WINDOWS\system32;C:\WINDOWS;C:\WINDOWS\System32\Wbem;C:\WINDOWS\System32\WindowsPowerShell\v1.0\;C:\WINDOWS\System32\OpenSSH\;C:\MinGW\bin;C:\Program Files\nodejs\;C:\ProgramData\chocolatey\bin;C:\Program Files\MiKTeX\miktex\bin\x64\;C:\Perl64\bin;C:\Program Files\Go\bin;C:\Program Files\Java\jdk1.8.0_221\bin;C:\Program Files\Git\cmd;C:\Program Files\MySQL\MySQL Shell 8.0\bin\;C:\Users\josef\AppData\Local\Microsoft\WindowsApps;C:\Users\josef\AppData\Local\Programs\Microsoft VS Code\bin;C:\Users\josef\AppData\Roaming\npm;C:\Users\josef\AppData\Local\GitHubDesktop\bin;C:\Users\josef\AppData\Roaming\TinyTeX\bin\win32;C:\Users\josef\AppData\Local\Microsoft\WindowsApps;C:\Perl64\bin;C:\Development\flutter\bin;C:\Users\josef\go\bin
USERNAME=josef
OS=Windows_NT
PROCESSOR_IDENTIFIER=Intel64 Family 6 Model 165 Stepping 2, GenuineIntel



---------------  S Y S T E M  ---------------

OS: Windows 10.0 , 64 bit Build 19041 (10.0.19041.928)

CPU:total 12 (initial active 12) (6 cores per cpu, 2 threads per core) family 6 model 165 stepping 2, cmov, cx8, fxsr, mmx, sse, sse2, sse3, ssse3, sse4.1, sse4.2, popcnt, avx, avx2, aes, clmul, erms, 3dnowpref, lzcnt, ht, tsc, tscinvbit, bmi1, bmi2, adx

Memory: 4k page, physical 16590064k(4306784k free), swap 35055328k(8952260k free)

vm_info: Java HotSpot(TM) 64-Bit Server VM (25.221-b11) for windows-amd64 JRE (1.8.0_221-b11), built on Jul  4 2019 04:39:29 by "java_re" with MS VC++ 10.0 (VS2010)

time: Mon Apr 26 16:20:33 2021
timezone: China Standard Time
elapsed time: 4 seconds (0d 0h 0m 4s)

