#
# A fatal error has been detected by the Java Runtime Environment:
#
#  EXCEPTION_ACCESS_VIOLATION (0xc0000005) at pc=0x00007ffbaf8e2614, pid=21616, tid=0x0000000000000f9c
#
# JRE version: Java(TM) SE Runtime Environment (8.0_221-b11) (build 1.8.0_221-b11)
# Java VM: Java HotSpot(TM) 64-Bit Server VM (25.221-b11 mixed mode windows-amd64 compressed oops)
# Problematic frame:
# C  [librocksdbjni3523255608908545455.dll+0x142614]
#
# Failed to write core dump. Minidumps are not enabled by default on client versions of Windows
#
# If you would like to submit a bug report, please visit:
#   http://bugreport.java.com/bugreport/crash.jsp
# The crash happened outside the Java Virtual Machine in native code.
# See problematic frame for where to report the bug.
#

---------------  T H R E A D  ---------------

Current thread (0x0000000021464800):  JavaThread "pool-1-thread-230" [_thread_in_native, id=3996, stack(0x0000000031f00000,0x0000000032000000)]

siginfo: ExceptionCode=0xc0000005, reading address 0x0000000000000000

Registers:
RAX=0x0000154e9037e8a5, RBX=0x0000000031ffec40, RCX=0x0000000000000000, RDX=0x0000000031ffec40
RSP=0x0000000031ffe610, RBP=0x0000000031ffe710, RSI=0x0000000031ffe9f0, RDI=0x0000000031ffec68
R8 =0x0000000031ffed40, R9 =0x0000000031ffec68, R10=0x00007ffbafc10bc0, R11=0x0000000031ffea48
R12=0x0000000031ffed40, R13=0x0000000022af8070, R14=0x0000000031ffec40, R15=0x0000000031ffec40
RIP=0x00007ffbaf8e2614, EFLAGS=0x0000000000010206

Top of Stack: (sp=0x0000000031ffe610)
0x0000000031ffe610:   00000001e2c39801 0000000031ffe601
0x0000000031ffe620:   fffffffffffffffe 0000000022000000
0x0000000031ffe630:   0000000000000000 00007ffbafa8dbfc
0x0000000031ffe640:   0000000224e04001 00007ffbaf9da380
0x0000000031ffe650:   0000000034481870 00007ffbaf8a2b8c
0x0000000031ffe660:   0000000000000000 000000000000004e
0x0000000031ffe670:   0000154e9037c0b5 00007ffbafac2d0e
0x0000000031ffe680:   0000000033b8ce00 0000000000000000
0x0000000031ffe690:   0000000000000000 000000002291fc10
0x0000000031ffe6a0:   0000000031ffe9a8 0000000000000000
0x0000000031ffe6b0:   0000000031ffe7d0 00007ffbafac7acd
0x0000000031ffe6c0:   0000000031ffe718 0000000000000000
0x0000000031ffe6d0:   0000000000000000 0000000031ffed40
0x0000000031ffe6e0:   0000000031ffead8 00007ffbafd51440
0x0000000031ffe6f0:   0000000031ffe8d8 00007ffbaf929b00
0x0000000031ffe700:   0000000000000000 0000000033b8cfa0 

Instructions: (pc=0x00007ffbaf8e2614)
0x00007ffbaf8e25f4:   fa 48 89 55 38 4c 8b e9 48 89 95 10 01 00 00 48
0x00007ffbaf8e2604:   8b b5 c0 02 00 00 c7 45 b8 00 00 00 00 48 8b 0e
0x00007ffbaf8e2614:   48 8b 01 ff 50 20 4c 8b 70 08 45 33 c9 4c 89 8d
0x00007ffbaf8e2624:   c8 00 00 00 48 c7 85 d0 00 00 00 01 00 00 00 48 


Register to memory mapping:

RAX=0x0000154e9037e8a5 is an unknown value
RBX=0x0000000031ffec40 is pointing into the stack for thread: 0x0000000021464800
RCX=0x0000000000000000 is an unknown value
RDX=0x0000000031ffec40 is pointing into the stack for thread: 0x0000000021464800
RSP=0x0000000031ffe610 is pointing into the stack for thread: 0x0000000021464800
RBP=0x0000000031ffe710 is pointing into the stack for thread: 0x0000000021464800
RSI=0x0000000031ffe9f0 is pointing into the stack for thread: 0x0000000021464800
RDI=0x0000000031ffec68 is pointing into the stack for thread: 0x0000000021464800
R8 =0x0000000031ffed40 is pointing into the stack for thread: 0x0000000021464800
R9 =0x0000000031ffec68 is pointing into the stack for thread: 0x0000000021464800
R10=0x00007ffbafc10bc0 is an unknown value
R11=0x0000000031ffea48 is pointing into the stack for thread: 0x0000000021464800
R12=0x0000000031ffed40 is pointing into the stack for thread: 0x0000000021464800
R13=0x0000000022af8070 is an unknown value
R14=0x0000000031ffec40 is pointing into the stack for thread: 0x0000000021464800
R15=0x0000000031ffec40 is pointing into the stack for thread: 0x0000000021464800


Stack: [0x0000000031f00000,0x0000000032000000],  sp=0x0000000031ffe610,  free space=1017k
Native frames: (J=compiled Java code, j=interpreted, Vv=VM code, C=native code)
C  [librocksdbjni3523255608908545455.dll+0x142614]
C  [librocksdbjni3523255608908545455.dll+0x140f81]
C  [librocksdbjni3523255608908545455.dll+0x140f08]
C  [librocksdbjni3523255608908545455.dll+0x140e17]
C  [librocksdbjni3523255608908545455.dll+0x140be8]
C  [librocksdbjni3523255608908545455.dll+0xd4c90]
C  [librocksdbjni3523255608908545455.dll+0xd9d50]
C  0x00000000038d181f

Java frames: (J=compiled Java code, j=interpreted, Vv=VM code)
J 647  org.rocksdb.RocksDB.get(J[BII)[B (0 bytes) @ 0x00000000038d1799 [0x00000000038d1740+0x59]
J 1466 C2 comp4321.group2.searchengine.repositories.PageIdToLength.getValue(I)D (26 bytes) @ 0x0000000003c04314 [0x0000000003c04260+0xb4]
j  comp4321.group2.searchengine.query.QueryRunnable.run()V+77
j  java.util.concurrent.Executors$RunnableAdapter.call()Ljava/lang/Object;+4
j  java.util.concurrent.FutureTask.run()V+42
j  java.util.concurrent.ThreadPoolExecutor.runWorker(Ljava/util/concurrent/ThreadPoolExecutor$Worker;)V+95
j  java.util.concurrent.ThreadPoolExecutor$Worker.run()V+5
j  java.lang.Thread.run()V+11
v  ~StubRoutines::call_stub

---------------  P R O C E S S  ---------------

Java Threads: ( => current thread )
  0x0000000021498000 JavaThread "pool-1-thread-256" [_thread_in_native, id=31752, stack(0x0000000033900000,0x0000000033a00000)]
  0x0000000021492000 JavaThread "pool-1-thread-255" [_thread_in_native, id=13848, stack(0x0000000033800000,0x0000000033900000)]
  0x0000000021497800 JavaThread "pool-1-thread-254" [_thread_in_native, id=3376, stack(0x0000000033700000,0x0000000033800000)]
  0x0000000021496800 JavaThread "pool-1-thread-253" [_thread_in_native, id=20808, stack(0x0000000033600000,0x0000000033700000)]
  0x0000000021490000 JavaThread "pool-1-thread-252" [_thread_in_native, id=37604, stack(0x0000000033500000,0x0000000033600000)]
  0x0000000021495000 JavaThread "pool-1-thread-251" [_thread_in_native, id=23160, stack(0x0000000033400000,0x0000000033500000)]
  0x0000000021493800 JavaThread "pool-1-thread-250" [_thread_in_native, id=10300, stack(0x0000000033300000,0x0000000033400000)]
  0x000000002148f000 JavaThread "pool-1-thread-249" [_thread_in_native, id=30460, stack(0x0000000033200000,0x0000000033300000)]
  0x0000000021496000 JavaThread "pool-1-thread-248" [_thread_in_native, id=33204, stack(0x0000000033100000,0x0000000033200000)]
  0x0000000021494800 JavaThread "pool-1-thread-247" [_thread_in_native, id=20532, stack(0x0000000033000000,0x0000000033100000)]
  0x0000000021490800 JavaThread "pool-1-thread-246" [_thread_in_native, id=21396, stack(0x0000000032f00000,0x0000000033000000)]
  0x000000002146d000 JavaThread "pool-1-thread-245" [_thread_in_native, id=18504, stack(0x0000000032e00000,0x0000000032f00000)]
  0x000000002146b800 JavaThread "pool-1-thread-244" [_thread_in_native, id=500, stack(0x0000000032d00000,0x0000000032e00000)]
  0x000000002146a800 JavaThread "pool-1-thread-243" [_thread_in_native, id=21896, stack(0x0000000032c00000,0x0000000032d00000)]
  0x000000002146c000 JavaThread "pool-1-thread-242" [_thread_in_native, id=28000, stack(0x0000000032b00000,0x0000000032c00000)]
  0x0000000021469000 JavaThread "pool-1-thread-241" [_thread_in_native, id=14444, stack(0x0000000032a00000,0x0000000032b00000)]
  0x0000000021467000 JavaThread "pool-1-thread-240" [_thread_in_native, id=21028, stack(0x0000000032900000,0x0000000032a00000)]
  0x000000002146a000 JavaThread "pool-1-thread-239" [_thread_in_native, id=24936, stack(0x0000000032800000,0x0000000032900000)]
  0x0000000021461800 JavaThread "pool-1-thread-238" [_thread_in_native, id=11300, stack(0x0000000032700000,0x0000000032800000)]
  0x0000000021466000 JavaThread "pool-1-thread-237" [_thread_in_native, id=36776, stack(0x0000000032600000,0x0000000032700000)]
  0x0000000021468800 JavaThread "pool-1-thread-236" [_thread_in_native, id=11420, stack(0x0000000032500000,0x0000000032600000)]
  0x0000000021465800 JavaThread "pool-1-thread-235" [_thread_in_native, id=2296, stack(0x0000000032400000,0x0000000032500000)]
  0x0000000021464000 JavaThread "pool-1-thread-234" [_thread_in_native, id=12416, stack(0x0000000032300000,0x0000000032400000)]
  0x0000000021467800 JavaThread "pool-1-thread-233" [_thread_in_native, id=16068, stack(0x0000000032200000,0x0000000032300000)]
  0x0000000021462800 JavaThread "pool-1-thread-232" [_thread_in_native, id=24684, stack(0x0000000032100000,0x0000000032200000)]
  0x0000000021463000 JavaThread "pool-1-thread-231" [_thread_in_native, id=32792, stack(0x0000000032000000,0x0000000032100000)]
=>0x0000000021464800 JavaThread "pool-1-thread-230" [_thread_in_native, id=3996, stack(0x0000000031f00000,0x0000000032000000)]
  0x000000002145a000 JavaThread "pool-1-thread-229" [_thread_in_native, id=32596, stack(0x0000000031e00000,0x0000000031f00000)]
  0x0000000021461000 JavaThread "pool-1-thread-228" [_thread_in_native, id=20732, stack(0x0000000031d00000,0x0000000031e00000)]
  0x0000000021460000 JavaThread "pool-1-thread-227" [_thread_in_native, id=25348, stack(0x0000000031c00000,0x0000000031d00000)]
  0x0000000021458800 JavaThread "pool-1-thread-226" [_thread_in_native, id=37292, stack(0x0000000031890000,0x0000000031990000)]
  0x000000002145f000 JavaThread "pool-1-thread-225" [_thread_in_native, id=22416, stack(0x0000000031790000,0x0000000031890000)]
  0x000000002145d800 JavaThread "pool-1-thread-224" [_thread_in_native, id=28556, stack(0x0000000031690000,0x0000000031790000)]
  0x000000002145c000 JavaThread "pool-1-thread-223" [_thread_in_native, id=25056, stack(0x0000000031590000,0x0000000031690000)]
  0x000000002145d000 JavaThread "pool-1-thread-222" [_thread_in_native, id=22616, stack(0x0000000031490000,0x0000000031590000)]
  0x0000000021459000 JavaThread "pool-1-thread-221" [_thread_in_native, id=28536, stack(0x0000000031390000,0x0000000031490000)]
  0x000000002145e800 JavaThread "pool-1-thread-220" [_thread_in_native, id=24184, stack(0x0000000031290000,0x0000000031390000)]
  0x000000002145b800 JavaThread "pool-1-thread-219" [_thread_in_native, id=28856, stack(0x0000000031190000,0x0000000031290000)]
  0x0000000021457800 JavaThread "pool-1-thread-218" [_thread_in_native, id=34056, stack(0x0000000031090000,0x0000000031190000)]
  0x000000002145a800 JavaThread "pool-1-thread-217" [_thread_in_native, id=30456, stack(0x0000000030f90000,0x0000000031090000)]
  0x0000000021450000 JavaThread "pool-1-thread-216" [_thread_in_native, id=14956, stack(0x0000000030e90000,0x0000000030f90000)]
  0x0000000021457000 JavaThread "pool-1-thread-215" [_thread_in_native, id=28692, stack(0x0000000030d90000,0x0000000030e90000)]
  0x000000002144f800 JavaThread "pool-1-thread-214" [_thread_in_native, id=21312, stack(0x0000000030c90000,0x0000000030d90000)]
  0x0000000021456000 JavaThread "pool-1-thread-213" [_thread_in_native, id=23368, stack(0x0000000030b90000,0x0000000030c90000)]
  0x000000002144e800 JavaThread "pool-1-thread-212" [_thread_in_native, id=3228, stack(0x0000000030a90000,0x0000000030b90000)]
  0x0000000021455800 JavaThread "pool-1-thread-211" [_thread_in_native, id=24388, stack(0x0000000030990000,0x0000000030a90000)]
  0x000000002144e000 JavaThread "pool-1-thread-210" [_thread_in_native, id=25168, stack(0x0000000030890000,0x0000000030990000)]
  0x0000000021451000 JavaThread "pool-1-thread-209" [_thread_in_native, id=2696, stack(0x0000000030790000,0x0000000030890000)]
  0x0000000021454800 JavaThread "pool-1-thread-208" [_thread_in_native, id=25180, stack(0x0000000030690000,0x0000000030790000)]
  0x0000000021451800 JavaThread "pool-1-thread-207" [_thread_in_native, id=11164, stack(0x0000000030590000,0x0000000030690000)]
  0x0000000021452800 JavaThread "pool-1-thread-206" [_thread_in_native, id=10372, stack(0x0000000030490000,0x0000000030590000)]
  0x0000000021454000 JavaThread "pool-1-thread-205" [_thread_in_native, id=15696, stack(0x0000000030390000,0x0000000030490000)]
  0x0000000021453000 JavaThread "pool-1-thread-204" [_thread_in_native, id=27108, stack(0x0000000030290000,0x0000000030390000)]
  0x000000002140d800 JavaThread "pool-1-thread-203" [_thread_in_native, id=35496, stack(0x0000000030190000,0x0000000030290000)]
  0x0000000021410800 JavaThread "pool-1-thread-202" [_thread_in_native, id=9220, stack(0x0000000030090000,0x0000000030190000)]
  0x000000002140f800 JavaThread "pool-1-thread-201" [_thread_in_native, id=27452, stack(0x000000002ff90000,0x0000000030090000)]
  0x000000002140c800 JavaThread "pool-1-thread-200" [_thread_in_native, id=24032, stack(0x000000002fe90000,0x000000002ff90000)]
  0x000000002140e000 JavaThread "pool-1-thread-199" [_thread_in_native, id=5540, stack(0x000000002fd90000,0x000000002fe90000)]
  0x0000000021408000 JavaThread "pool-1-thread-198" [_thread_in_native, id=34860, stack(0x000000002fc90000,0x000000002fd90000)]
  0x000000002140f000 JavaThread "pool-1-thread-197" [_thread_in_native, id=31552, stack(0x000000002fb90000,0x000000002fc90000)]
  0x000000002140c000 JavaThread "pool-1-thread-196" [_thread_in_native, id=30524, stack(0x000000002fa90000,0x000000002fb90000)]
  0x0000000021404800 JavaThread "pool-1-thread-195" [_thread_in_native, id=19408, stack(0x000000002f990000,0x000000002fa90000)]
  0x000000002140b000 JavaThread "pool-1-thread-194" [_thread_in_native, id=20884, stack(0x000000002f890000,0x000000002f990000)]
  0x0000000021403800 JavaThread "pool-1-thread-193" [_thread_in_native, id=19552, stack(0x000000002f790000,0x000000002f890000)]
  0x000000002140a800 JavaThread "pool-1-thread-192" [_thread_in_native, id=26192, stack(0x000000002f690000,0x000000002f790000)]
  0x0000000021407800 JavaThread "pool-1-thread-191" [_thread_in_native, id=21728, stack(0x000000002f590000,0x000000002f690000)]
  0x0000000021409800 JavaThread "pool-1-thread-190" [_thread_in_native, id=10496, stack(0x000000002f490000,0x000000002f590000)]
  0x0000000021409000 JavaThread "pool-1-thread-189" [_thread_in_native, id=22252, stack(0x000000002f390000,0x000000002f490000)]
  0x0000000021405000 JavaThread "pool-1-thread-188" [_thread_in_native, id=14892, stack(0x000000002f290000,0x000000002f390000)]
  0x0000000021401800 JavaThread "pool-1-thread-187" [_thread_in_native, id=24656, stack(0x000000002f190000,0x000000002f290000)]
  0x0000000021402000 JavaThread "pool-1-thread-186" [_thread_in_native, id=36652, stack(0x000000002f090000,0x000000002f190000)]
  0x0000000021406800 JavaThread "pool-1-thread-185" [_thread_in_native, id=33400, stack(0x000000002ef90000,0x000000002f090000)]
  0x0000000021406000 JavaThread "pool-1-thread-184" [_thread_in_native, id=35368, stack(0x000000002ee90000,0x000000002ef90000)]
  0x0000000021403000 JavaThread "pool-1-thread-183" [_thread_in_native, id=11600, stack(0x000000002ed90000,0x000000002ee90000)]
  0x00000000213ce000 JavaThread "pool-1-thread-182" [_thread_in_native, id=34560, stack(0x000000002ec90000,0x000000002ed90000)]
  0x00000000213cd000 JavaThread "pool-1-thread-181" [_thread_in_native, id=27556, stack(0x000000002eb90000,0x000000002ec90000)]
  0x00000000213cc800 JavaThread "pool-1-thread-180" [_thread_in_native, id=24632, stack(0x000000002ea90000,0x000000002eb90000)]
  0x00000000213cb800 JavaThread "pool-1-thread-179" [_thread_in_native, id=22728, stack(0x000000002e990000,0x000000002ea90000)]
  0x00000000213cb000 JavaThread "pool-1-thread-178" [_thread_in_native, id=33220, stack(0x000000002e890000,0x000000002e990000)]
  0x00000000213c3800 JavaThread "pool-1-thread-177" [_thread_in_native, id=37080, stack(0x000000002e790000,0x000000002e890000)]
  0x00000000213ca000 JavaThread "pool-1-thread-176" [_thread_in_native, id=17764, stack(0x000000002e690000,0x000000002e790000)]
  0x00000000213c2800 JavaThread "pool-1-thread-175" [_thread_in_native, id=6808, stack(0x000000002e590000,0x000000002e690000)]
  0x00000000213c9800 JavaThread "pool-1-thread-174" [_thread_in_native, id=37264, stack(0x000000002e490000,0x000000002e590000)]
  0x00000000213c8800 JavaThread "pool-1-thread-173" [_thread_in_native, id=24964, stack(0x000000002e390000,0x000000002e490000)]
  0x00000000213c1000 JavaThread "pool-1-thread-172" [_thread_in_native, id=23196, stack(0x000000002e290000,0x000000002e390000)]
  0x00000000213c8000 JavaThread "pool-1-thread-171" [_thread_in_native, id=30412, stack(0x000000002e190000,0x000000002e290000)]
  0x00000000213c7000 JavaThread "pool-1-thread-170" [_thread_in_native, id=11336, stack(0x000000002e090000,0x000000002e190000)]
  0x00000000213c6800 JavaThread "pool-1-thread-169" [_thread_in_native, id=30684, stack(0x000000002df90000,0x000000002e090000)]
  0x00000000213c2000 JavaThread "pool-1-thread-168" [_thread_in_native, id=29932, stack(0x000000002de90000,0x000000002df90000)]
  0x00000000213c5000 JavaThread "pool-1-thread-167" [_thread_in_native, id=35732, stack(0x000000002dd90000,0x000000002de90000)]
  0x00000000213bf800 JavaThread "pool-1-thread-166" [_thread_in_native, id=24668, stack(0x000000002dc90000,0x000000002dd90000)]
  0x00000000213bf000 JavaThread "pool-1-thread-165" [_thread_in_native, id=28936, stack(0x000000002db90000,0x000000002dc90000)]
  0x00000000213c4000 JavaThread "pool-1-thread-164" [_thread_in_native, id=35768, stack(0x000000002da90000,0x000000002db90000)]
  0x00000000213c5800 JavaThread "pool-1-thread-163" [_thread_in_native, id=22228, stack(0x000000002d990000,0x000000002da90000)]
  0x00000000213c0800 JavaThread "pool-1-thread-162" [_thread_in_native, id=27880, stack(0x000000002d890000,0x000000002d990000)]
  0x000000002060b000 JavaThread "pool-1-thread-161" [_thread_in_native, id=16876, stack(0x000000002d790000,0x000000002d890000)]
  0x000000002060a000 JavaThread "pool-1-thread-160" [_thread_in_native, id=14348, stack(0x000000002d690000,0x000000002d790000)]
  0x000000002060b800 JavaThread "pool-1-thread-159" [_thread_in_native, id=30200, stack(0x000000002d590000,0x000000002d690000)]
  0x0000000020606800 JavaThread "pool-1-thread-158" [_thread_in_native, id=21156, stack(0x000000002d490000,0x000000002d590000)]
  0x000000002060c800 JavaThread "pool-1-thread-157" [_thread_in_native, id=8872, stack(0x000000002d390000,0x000000002d490000)]
  0x0000000020609800 JavaThread "pool-1-thread-156" [_thread_in_native, id=512, stack(0x000000002d290000,0x000000002d390000)]
  0x0000000020608000 JavaThread "pool-1-thread-155" [_thread_in_native, id=18508, stack(0x000000002d190000,0x000000002d290000)]
  0x0000000020607000 JavaThread "pool-1-thread-154" [_thread_in_native, id=31204, stack(0x000000002d090000,0x000000002d190000)]
  0x0000000020608800 JavaThread "pool-1-thread-153" [_thread_in_native, id=27660, stack(0x000000002cf90000,0x000000002d090000)]
  0x00000000205ff000 JavaThread "pool-1-thread-152" [_thread_in_native, id=25436, stack(0x000000002ce90000,0x000000002cf90000)]
  0x0000000020605800 JavaThread "pool-1-thread-151" [_thread_in_native, id=3368, stack(0x000000002cd90000,0x000000002ce90000)]
  0x00000000205ff800 JavaThread "pool-1-thread-150" [_thread_in_native, id=25688, stack(0x000000002cc90000,0x000000002cd90000)]
  0x0000000020604000 JavaThread "pool-1-thread-149" [_thread_in_native, id=25776, stack(0x000000002cb90000,0x000000002cc90000)]
  0x0000000020603800 JavaThread "pool-1-thread-148" [_thread_in_native, id=5892, stack(0x000000002ca90000,0x000000002cb90000)]
  0x0000000020602000 JavaThread "pool-1-thread-147" [_thread_in_native, id=18412, stack(0x000000002c990000,0x000000002ca90000)]
  0x0000000020602800 JavaThread "pool-1-thread-146" [_thread_in_native, id=5296, stack(0x000000002c890000,0x000000002c990000)]
  0x0000000020605000 JavaThread "pool-1-thread-145" [_thread_in_native, id=33348, stack(0x000000002c790000,0x000000002c890000)]
  0x0000000020601000 JavaThread "pool-1-thread-144" [_thread_in_native, id=32520, stack(0x000000002c690000,0x000000002c790000)]
  0x00000000205fd800 JavaThread "pool-1-thread-143" [_thread_in_native, id=36212, stack(0x000000002c590000,0x000000002c690000)]
  0x00000000205fe000 JavaThread "pool-1-thread-142" [_thread_in_native, id=8088, stack(0x000000002c490000,0x000000002c590000)]
  0x0000000020600800 JavaThread "pool-1-thread-141" [_thread_in_native, id=11152, stack(0x000000002c390000,0x000000002c490000)]
  0x00000000213b5000 JavaThread "pool-1-thread-140" [_thread_in_native, id=3512, stack(0x000000002c290000,0x000000002c390000)]
  0x00000000213b4800 JavaThread "pool-1-thread-139" [_thread_in_native, id=22408, stack(0x000000002c190000,0x000000002c290000)]
  0x00000000213b3800 JavaThread "pool-1-thread-138" [_thread_in_native, id=11088, stack(0x000000002c090000,0x000000002c190000)]
  0x00000000213b3000 JavaThread "pool-1-thread-137" [_thread_in_native, id=12344, stack(0x000000002bf90000,0x000000002c090000)]
  0x00000000213b6000 JavaThread "pool-1-thread-136" [_thread_in_native, id=20440, stack(0x000000002be90000,0x000000002bf90000)]
  0x00000000213b2000 JavaThread "pool-1-thread-135" [_thread_in_native, id=14848, stack(0x000000002bd90000,0x000000002be90000)]
  0x00000000213ab800 JavaThread "pool-1-thread-134" [_thread_in_native, id=9956, stack(0x000000002bc90000,0x000000002bd90000)]
  0x00000000213b1800 JavaThread "pool-1-thread-133" [_thread_in_native, id=37884, stack(0x000000002bb90000,0x000000002bc90000)]
  0x00000000213b0800 JavaThread "pool-1-thread-132" [_thread_in_native, id=21412, stack(0x000000002ba90000,0x000000002bb90000)]
  0x00000000213a9000 JavaThread "pool-1-thread-131" [_thread_in_native, id=37868, stack(0x000000002b990000,0x000000002ba90000)]
  0x00000000213b0000 JavaThread "pool-1-thread-130" [_thread_in_native, id=8632, stack(0x000000002b890000,0x000000002b990000)]
  0x00000000213a8800 JavaThread "pool-1-thread-129" [_thread_in_native, id=26592, stack(0x000000002b790000,0x000000002b890000)]
  0x00000000213af000 JavaThread "pool-1-thread-128" [_thread_in_native, id=37392, stack(0x000000002b690000,0x000000002b790000)]
  0x00000000213a7800 JavaThread "pool-1-thread-127" [_thread_in_native, id=30988, stack(0x000000002b590000,0x000000002b690000)]
  0x00000000213ac000 JavaThread "pool-1-thread-126" [_thread_in_native, id=28504, stack(0x000000002b490000,0x000000002b590000)]
  0x00000000213ae800 JavaThread "pool-1-thread-125" [_thread_in_native, id=30652, stack(0x000000002b390000,0x000000002b490000)]
  0x00000000213ad800 JavaThread "pool-1-thread-124" [_thread_in_native, id=2912, stack(0x000000002b290000,0x000000002b390000)]
  0x00000000213ad000 JavaThread "pool-1-thread-123" [_thread_in_native, id=19708, stack(0x000000002b190000,0x000000002b290000)]
  0x00000000213a7000 JavaThread "pool-1-thread-122" [_thread_in_native, id=29868, stack(0x000000002b090000,0x000000002b190000)]
  0x00000000213aa800 JavaThread "pool-1-thread-121" [_thread_in_native, id=37736, stack(0x000000002af90000,0x000000002b090000)]
  0x00000000213aa000 JavaThread "pool-1-thread-120" [_thread_in_native, id=8220, stack(0x000000002ae90000,0x000000002af90000)]
  0x0000000020655800 JavaThread "pool-1-thread-119" [_thread_in_native, id=22500, stack(0x000000002ad90000,0x000000002ae90000)]
  0x0000000020654000 JavaThread "pool-1-thread-118" [_thread_in_native, id=36600, stack(0x000000002ac90000,0x000000002ad90000)]
  0x0000000020653800 JavaThread "pool-1-thread-117" [_thread_in_native, id=32704, stack(0x000000002ab90000,0x000000002ac90000)]
  0x0000000020652800 JavaThread "pool-1-thread-116" [_thread_in_native, id=2804, stack(0x000000002aa90000,0x000000002ab90000)]
  0x0000000020655000 JavaThread "pool-1-thread-115" [_thread_in_native, id=27256, stack(0x000000002a990000,0x000000002aa90000)]
  0x0000000020657000 JavaThread "pool-1-thread-114" [_thread_in_native, id=37028, stack(0x000000002a890000,0x000000002a990000)]
  0x000000002064c800 JavaThread "pool-1-thread-104" [_thread_in_native, id=21360, stack(0x0000000029e90000,0x0000000029f90000)]
  0x000000002064e000 JavaThread "pool-1-thread-103" [_thread_in_native, id=16008, stack(0x0000000029d90000,0x0000000029e90000)]
  0x000000002064c000 JavaThread "pool-1-thread-100" [_thread_in_native, id=30108, stack(0x0000000029a90000,0x0000000029b90000)]
  0x000000002064a800 JavaThread "pool-1-thread-99" [_thread_in_native, id=30324, stack(0x0000000029990000,0x0000000029a90000)]
  0x00000000205b6800 JavaThread "pool-1-thread-98" [_thread_in_native, id=3032, stack(0x0000000029890000,0x0000000029990000)]
  0x00000000205b5800 JavaThread "pool-1-thread-97" [_thread_in_native, id=14576, stack(0x0000000029790000,0x0000000029890000)]
  0x00000000205b5000 JavaThread "pool-1-thread-96" [_thread_in_native, id=2268, stack(0x0000000029690000,0x0000000029790000)]
  0x00000000205b3800 JavaThread "pool-1-thread-95" [_thread_in_native, id=28664, stack(0x0000000029590000,0x0000000029690000)]
  0x00000000205b4000 JavaThread "pool-1-thread-94" [_thread_in_native, id=11428, stack(0x0000000029490000,0x0000000029590000)]
  0x00000000205b2000 JavaThread "pool-1-thread-93" [_thread_in_native, id=9784, stack(0x0000000029390000,0x0000000029490000)]
  0x00000000205b1000 JavaThread "pool-1-thread-92" [_thread_in_native, id=36104, stack(0x0000000029290000,0x0000000029390000)]
  0x00000000205b0800 JavaThread "pool-1-thread-91" [_thread_in_native, id=9200, stack(0x0000000029190000,0x0000000029290000)]
  0x00000000205b2800 JavaThread "pool-1-thread-90" [_thread_in_native, id=32292, stack(0x0000000029090000,0x0000000029190000)]
  0x00000000205af800 JavaThread "pool-1-thread-89" [_thread_in_native, id=2764, stack(0x0000000028f90000,0x0000000029090000)]
  0x00000000205a8000 JavaThread "pool-1-thread-88" [_thread_in_native, id=29208, stack(0x0000000028e90000,0x0000000028f90000)]
  0x00000000205af000 JavaThread "pool-1-thread-87" [_thread_in_native, id=13072, stack(0x0000000028d90000,0x0000000028e90000)]
  0x00000000205ad800 JavaThread "pool-1-thread-86" [_thread_in_native, id=23432, stack(0x0000000028c90000,0x0000000028d90000)]
  0x00000000205ac800 JavaThread "pool-1-thread-85" [_thread_in_native, id=19784, stack(0x0000000028b90000,0x0000000028c90000)]
  0x00000000205ab000 JavaThread "pool-1-thread-84" [_thread_in_native, id=16296, stack(0x0000000028a90000,0x0000000028b90000)]
  0x00000000205ae000 JavaThread "pool-1-thread-83" [_thread_in_native, id=28872, stack(0x0000000028990000,0x0000000028a90000)]
  0x00000000205ab800 JavaThread "pool-1-thread-82" [_thread_in_native, id=31412, stack(0x0000000028890000,0x0000000028990000)]
  0x00000000205a7000 JavaThread "pool-1-thread-81" [_thread_in_native, id=25700, stack(0x0000000028790000,0x0000000028890000)]
  0x00000000205aa000 JavaThread "pool-1-thread-80" [_thread_in_native, id=37828, stack(0x0000000028690000,0x0000000028790000)]
  0x00000000205a9800 JavaThread "pool-1-thread-79" [_thread_in_native, id=2196, stack(0x0000000028590000,0x0000000028690000)]
  0x00000000205a8800 JavaThread "pool-1-thread-78" [_thread_in_native, id=5700, stack(0x0000000028490000,0x0000000028590000)]
  0x0000000021327800 JavaThread "pool-1-thread-77" [_thread_in_native, id=23508, stack(0x0000000028390000,0x0000000028490000)]
  0x0000000021326800 JavaThread "pool-1-thread-76" [_thread_in_native, id=22940, stack(0x0000000028290000,0x0000000028390000)]
  0x0000000021326000 JavaThread "pool-1-thread-75" [_thread_in_native, id=28768, stack(0x0000000028190000,0x0000000028290000)]
  0x0000000021323000 JavaThread "pool-1-thread-74" [_thread_in_native, id=9224, stack(0x0000000028090000,0x0000000028190000)]
  0x0000000021325000 JavaThread "pool-1-thread-73" [_thread_in_native, id=26304, stack(0x0000000027f90000,0x0000000028090000)]
  0x0000000021323800 JavaThread "pool-1-thread-72" [_thread_in_native, id=25804, stack(0x0000000027e90000,0x0000000027f90000)]
  0x0000000021324800 JavaThread "pool-1-thread-71" [_thread_in_native, id=34844, stack(0x0000000027d90000,0x0000000027e90000)]
  0x0000000021322000 JavaThread "pool-1-thread-70" [_thread_in_native, id=17424, stack(0x0000000027c90000,0x0000000027d90000)]
  0x000000002131a800 JavaThread "pool-1-thread-69" [_thread_in_native, id=16996, stack(0x0000000027b90000,0x0000000027c90000)]
  0x0000000021321800 JavaThread "pool-1-thread-68" [_thread_in_native, id=27804, stack(0x0000000027a90000,0x0000000027b90000)]
  0x0000000021320800 JavaThread "pool-1-thread-67" [_thread_in_native, id=12292, stack(0x0000000027990000,0x0000000027a90000)]
  0x000000002131e800 JavaThread "pool-1-thread-66" [_thread_in_native, id=25648, stack(0x0000000027890000,0x0000000027990000)]
  0x0000000021319000 JavaThread "pool-1-thread-65" [_thread_in_native, id=37332, stack(0x0000000027790000,0x0000000027890000)]
  0x000000002131f000 JavaThread "pool-1-thread-64" [_thread_in_native, id=33392, stack(0x0000000027690000,0x0000000027790000)]
  0x000000002131d800 JavaThread "pool-1-thread-63" [_thread_in_native, id=7232, stack(0x0000000027590000,0x0000000027690000)]
  0x000000002131a000 JavaThread "pool-1-thread-62" [_thread_in_native, id=28744, stack(0x0000000027490000,0x0000000027590000)]
  0x000000002131d000 JavaThread "pool-1-thread-61" [_thread_in_native, id=25416, stack(0x0000000027390000,0x0000000027490000)]
  0x000000002131b800 JavaThread "pool-1-thread-60" [_thread_in_native, id=8264, stack(0x0000000027290000,0x0000000027390000)]
  0x000000002131c000 JavaThread "pool-1-thread-59" [_thread_in_native, id=35600, stack(0x0000000027190000,0x0000000027290000)]
  0x0000000021320000 JavaThread "pool-1-thread-58" [_thread_in_native, id=28824, stack(0x0000000027090000,0x0000000027190000)]
  0x0000000021318800 JavaThread "pool-1-thread-57" [_thread_in_native, id=28668, stack(0x0000000026f90000,0x0000000027090000)]
  0x0000000021305800 JavaThread "pool-1-thread-56" [_thread_in_native, id=15496, stack(0x0000000026e90000,0x0000000026f90000)]
  0x0000000021305000 JavaThread "pool-1-thread-55" [_thread_in_native, id=26048, stack(0x0000000026d90000,0x0000000026e90000)]
  0x00000000212fe000 JavaThread "pool-1-thread-54" [_thread_in_native, id=28164, stack(0x0000000026c90000,0x0000000026d90000)]
  0x00000000212fd800 JavaThread "pool-1-thread-53" [_thread_in_native, id=17096, stack(0x0000000026b90000,0x0000000026c90000)]
  0x0000000021304000 JavaThread "pool-1-thread-52" [_thread_in_native, id=3640, stack(0x0000000026a90000,0x0000000026b90000)]
  0x00000000212fc800 JavaThread "pool-1-thread-51" [_thread_in_native, id=30544, stack(0x0000000026990000,0x0000000026a90000)]
  0x0000000021303800 JavaThread "pool-1-thread-50" [_thread_in_native, id=17396, stack(0x0000000026890000,0x0000000026990000)]
  0x0000000021302000 JavaThread "pool-1-thread-49" [_thread_in_native, id=23696, stack(0x0000000026790000,0x0000000026890000)]
  0x0000000021301000 JavaThread "pool-1-thread-48" [_thread_in_native, id=25320, stack(0x0000000026690000,0x0000000026790000)]
  0x0000000021302800 JavaThread "pool-1-thread-47" [_thread_in_native, id=6952, stack(0x0000000026590000,0x0000000026690000)]
  0x00000000212ff000 JavaThread "pool-1-thread-46" [_thread_in_native, id=18384, stack(0x0000000026490000,0x0000000026590000)]
  0x00000000212fb000 JavaThread "pool-1-thread-45" [_thread_in_native, id=11536, stack(0x0000000026390000,0x0000000026490000)]
  0x00000000212ff800 JavaThread "pool-1-thread-44" [_thread_in_native, id=24544, stack(0x0000000026290000,0x0000000026390000)]
  0x0000000021300800 JavaThread "pool-1-thread-43" [_thread_in_native, id=9580, stack(0x0000000026190000,0x0000000026290000)]
  0x00000000212f6800 JavaThread "pool-1-thread-42" [_thread_in_native, id=14864, stack(0x0000000026090000,0x0000000026190000)]
  0x00000000212fa800 JavaThread "pool-1-thread-41" [_thread_in_native, id=12360, stack(0x0000000025f90000,0x0000000026090000)]
  0x00000000212f9000 JavaThread "pool-1-thread-40" [_thread_in_native, id=37684, stack(0x0000000025e90000,0x0000000025f90000)]
  0x00000000212f9800 JavaThread "pool-1-thread-39" [_thread_in_native, id=23228, stack(0x0000000025d90000,0x0000000025e90000)]
  0x00000000212fc000 JavaThread "pool-1-thread-38" [_thread_in_native, id=26652, stack(0x0000000025c90000,0x0000000025d90000)]
  0x00000000212f8000 JavaThread "pool-1-thread-37" [_thread_in_native, id=9756, stack(0x0000000025b90000,0x0000000025c90000)]
  0x00000000212f7800 JavaThread "pool-1-thread-36" [_thread_in_native, id=26224, stack(0x0000000025a90000,0x0000000025b90000)]
  0x00000000201bf000 JavaThread "pool-1-thread-35" [_thread_in_native, id=24484, stack(0x0000000025990000,0x0000000025a90000)]
  0x00000000201be000 JavaThread "pool-1-thread-34" [_thread_in_native, id=10164, stack(0x0000000025890000,0x0000000025990000)]
  0x00000000201bd800 JavaThread "pool-1-thread-33" [_thread_in_native, id=11516, stack(0x0000000025790000,0x0000000025890000)]
  0x00000000201bb000 JavaThread "pool-1-thread-32" [_thread_in_native, id=30880, stack(0x0000000025690000,0x0000000025790000)]
  0x00000000201b6000 JavaThread "pool-1-thread-31" [_thread_in_native, id=31220, stack(0x0000000025590000,0x0000000025690000)]
  0x00000000201ba800 JavaThread "pool-1-thread-30" [_thread_in_native, id=30240, stack(0x0000000025490000,0x0000000025590000)]
  0x00000000201b9800 JavaThread "pool-1-thread-29" [_thread_in_native, id=27672, stack(0x0000000025390000,0x0000000025490000)]
  0x00000000201b9000 JavaThread "pool-1-thread-28" [_thread_in_native, id=25084, stack(0x0000000025290000,0x0000000025390000)]
  0x00000000201bc800 JavaThread "pool-1-thread-27" [_thread_in_native, id=34532, stack(0x0000000025190000,0x0000000025290000)]
  0x00000000201b8000 JavaThread "pool-1-thread-26" [_thread_in_native, id=27276, stack(0x0000000025090000,0x0000000025190000)]
  0x00000000201bc000 JavaThread "pool-1-thread-25" [_thread_in_native, id=22280, stack(0x0000000024f90000,0x0000000025090000)]
  0x00000000201b0800 JavaThread "pool-1-thread-24" [_thread_in_native, id=24468, stack(0x0000000024660000,0x0000000024760000)]
  0x00000000201b7800 JavaThread "pool-1-thread-23" [_thread_in_native, id=34492, stack(0x0000000024560000,0x0000000024660000)]
  0x00000000201b5000 JavaThread "pool-1-thread-22" [_thread_in_native, id=18080, stack(0x0000000024460000,0x0000000024560000)]
  0x00000000201b0000 JavaThread "pool-1-thread-21" [_thread_in_native, id=2952, stack(0x0000000024360000,0x0000000024460000)]
  0x00000000201b4800 JavaThread "pool-1-thread-20" [_thread_in_native, id=36292, stack(0x0000000024260000,0x0000000024360000)]
  0x00000000201b3800 JavaThread "pool-1-thread-19" [_thread_in_native, id=15292, stack(0x0000000024160000,0x0000000024260000)]
  0x00000000201b2000 JavaThread "pool-1-thread-18" [_thread_in_native, id=12040, stack(0x0000000024060000,0x0000000024160000)]
  0x00000000201b3000 JavaThread "pool-1-thread-17" [_thread_in_native, id=16900, stack(0x0000000023f60000,0x0000000024060000)]
  0x0000000020511800 JavaThread "pool-1-thread-12" [_thread_in_native, id=29132, stack(0x0000000023a60000,0x0000000023b60000)]
  0x0000000020511000 JavaThread "pool-1-thread-11" [_thread_in_native, id=18328, stack(0x0000000023960000,0x0000000023a60000)]
  0x0000000020510000 JavaThread "pool-1-thread-10" [_thread_in_native, id=18240, stack(0x0000000023860000,0x0000000023960000)]
  0x00000000202e0800 JavaThread "pool-1-thread-9" [_thread_in_native, id=29476, stack(0x0000000023760000,0x0000000023860000)]
  0x00000000202df800 JavaThread "pool-1-thread-8" [_thread_in_native, id=11192, stack(0x0000000023660000,0x0000000023760000)]
  0x00000000202df000 JavaThread "pool-1-thread-7" [_thread_in_native, id=28988, stack(0x0000000023560000,0x0000000023660000)]
  0x00000000201f4800 JavaThread "pool-1-thread-3" [_thread_in_native, id=11080, stack(0x0000000023160000,0x0000000023260000)]
  0x0000000020162800 JavaThread "Service Thread" daemon [_thread_blocked, id=23376, stack(0x0000000020c10000,0x0000000020d10000)]
  0x00000000200d6000 JavaThread "C1 CompilerThread3" daemon [_thread_blocked, id=30596, stack(0x0000000020b10000,0x0000000020c10000)]
  0x00000000200cd800 JavaThread "C2 CompilerThread2" daemon [_thread_blocked, id=25956, stack(0x0000000020a10000,0x0000000020b10000)]
  0x0000000020078000 JavaThread "C2 CompilerThread1" daemon [_thread_blocked, id=7072, stack(0x0000000020910000,0x0000000020a10000)]
  0x0000000020077800 JavaThread "C2 CompilerThread0" daemon [_thread_blocked, id=12588, stack(0x0000000020810000,0x0000000020910000)]
  0x0000000020075800 JavaThread "Monitor Ctrl-Break" daemon [_thread_in_native, id=21508, stack(0x0000000020710000,0x0000000020810000)]
  0x000000001e8d3800 JavaThread "Attach Listener" daemon [_thread_blocked, id=22460, stack(0x000000001fe10000,0x000000001ff10000)]
  0x000000001e8d2800 JavaThread "Signal Dispatcher" daemon [_thread_blocked, id=25524, stack(0x000000001fd10000,0x000000001fe10000)]
  0x000000001d1b4800 JavaThread "Finalizer" daemon [_thread_blocked, id=6228, stack(0x000000001fb10000,0x000000001fc10000)]
  0x000000001e8b3000 JavaThread "Reference Handler" daemon [_thread_blocked, id=17572, stack(0x000000001fa10000,0x000000001fb10000)]
  0x0000000003338000 JavaThread "main" [_thread_in_native, id=3668, stack(0x0000000003230000,0x0000000003330000)]

Other Threads:
  0x000000001e892800 VMThread [stack: 0x000000001f910000,0x000000001fa10000] [id=22544]
  0x0000000020215800 WatcherThread [stack: 0x0000000020d10000,0x0000000020e10000] [id=37620]

VM state:not at safepoint (normal execution)

VM Mutex/Monitor currently owned by a thread: None

heap address: 0x00000006c2c00000, size: 4052 MB, Compressed Oops mode: Zero based, Oop shift amount: 3
Narrow klass base: 0x0000000000000000, Narrow klass shift: 3
Compressed class space size: 1073741824 Address: 0x00000007c0000000

Heap:
 PSYoungGen      total 938496K, used 358081K [0x000000076b980000, 0x00000007c0000000, 0x00000007c0000000)
  eden space 832000K, 30% used [0x000000076b980000,0x000000077af5c758,0x000000079e600000)
  from space 106496K, 99% used [0x000000079e600000,0x00000007a4dd3d00,0x00000007a4e00000)
  to   space 278528K, 0% used [0x00000007af000000,0x00000007af000000,0x00000007c0000000)
 ParOldGen       total 1966592K, used 1703558K [0x00000006c2c00000, 0x000000073ac80000, 0x000000076b980000)
  object space 1966592K, 86% used [0x00000006c2c00000,0x000000072aba1af8,0x000000073ac80000)
 Metaspace       used 7896K, capacity 8136K, committed 8320K, reserved 1056768K
  class space    used 821K, capacity 886K, committed 896K, reserved 1048576K

Card table byte_map: [0x00000000129f0000,0x00000000131e0000] byte_map_base: 0x000000000f3da000

Marking Bits: (ParMarkBitMap*) 0x0000000076945ce0
 Begin Bits: [0x0000000014130000, 0x0000000018080000)
 End Bits:   [0x0000000018080000, 0x000000001bfd0000)

Polling page: 0x0000000001900000

CodeCache: size=245760Kb used=6442Kb max_used=6460Kb free=239317Kb
 bounds [0x0000000003630000, 0x0000000003c90000, 0x0000000012630000]
 total_blobs=1942 nmethods=1569 adapters=286
 compilation: enabled

Compilation events (10 events):
Event: 41.027 Thread 0x0000000020077800 nmethod 1577 0x0000000003763c50 code [0x0000000003763da0, 0x0000000003763e98]
Event: 41.027 Thread 0x0000000020077800 1578   !   4       sun.reflect.GeneratedConstructorAccessor1::newInstance (49 bytes)
Event: 41.028 Thread 0x0000000020077800 nmethod 1578 0x000000000375dd90 code [0x000000000375df00, 0x000000000375e048]
Event: 41.028 Thread 0x00000000200cd800 nmethod 1576 0x000000000374a050 code [0x000000000374a1c0, 0x000000000374a658]
Event: 41.040 Thread 0x0000000020078000 1579       4       java.lang.Long::numberOfTrailingZeros (116 bytes)
Event: 41.040 Thread 0x0000000020077800 1580       4       sun.misc.FloatingDecimal$BinaryToASCIIBuffer::estimateDecExp (182 bytes)
Event: 41.041 Thread 0x0000000020077800 nmethod 1580 0x0000000003744e50 code [0x0000000003744fc0, 0x0000000003745158]
Event: 41.041 Thread 0x0000000020078000 nmethod 1579 0x0000000003740010 code [0x0000000003740140, 0x0000000003740238]
Event: 41.063 Thread 0x00000000200cd800 1581       4       sun.misc.FloatingDecimal$BinaryToASCIIBuffer::dtoa (1509 bytes)
Event: 41.126 Thread 0x00000000200cd800 nmethod 1581 0x0000000003c84010 code [0x0000000003c84380, 0x0000000003c87ec0]

GC Heap History (10 events):
Event: 38.639 GC heap before
{Heap before GC invocations=37 (full 6):
 PSYoungGen      total 1067008K, used 1001410K [0x000000076b980000, 0x00000007bd980000, 0x00000007c0000000)
  eden space 796672K, 100% used [0x000000076b980000,0x000000079c380000,0x000000079c380000)
  from space 270336K, 75% used [0x00000007ad180000,0x00000007b9970b40,0x00000007bd980000)
  to   space 273408K, 0% used [0x000000079c380000,0x000000079c380000,0x00000007ace80000)
 ParOldGen       total 1966592K, used 1605192K [0x00000006c2c00000, 0x000000073ac80000, 0x000000076b980000)
  object space 1966592K, 81% used [0x00000006c2c00000,0x0000000724b92118,0x000000073ac80000)
 Metaspace       used 7896K, capacity 8136K, committed 8320K, reserved 1056768K
  class space    used 821K, capacity 886K, committed 896K, reserved 1048576K
Event: 38.696 GC heap after
Heap after GC invocations=37 (full 6):
 PSYoungGen      total 1070080K, used 204528K [0x000000076b980000, 0x00000007c0000000, 0x00000007c0000000)
  eden space 796672K, 0% used [0x000000076b980000,0x000000076b980000,0x000000079c380000)
  from space 273408K, 74% used [0x000000079c380000,0x00000007a8b3c268,0x00000007ace80000)
  to   space 274944K, 0% used [0x00000007af380000,0x00000007af380000,0x00000007c0000000)
 ParOldGen       total 1966592K, used 1605200K [0x00000006c2c00000, 0x000000073ac80000, 0x000000076b980000)
  object space 1966592K, 81% used [0x00000006c2c00000,0x0000000724b94118,0x000000073ac80000)
 Metaspace       used 7896K, capacity 8136K, committed 8320K, reserved 1056768K
  class space    used 821K, capacity 886K, committed 896K, reserved 1048576K
}
Event: 39.212 GC heap before
{Heap before GC invocations=38 (full 6):
 PSYoungGen      total 1070080K, used 1001200K [0x000000076b980000, 0x00000007c0000000, 0x00000007c0000000)
  eden space 796672K, 100% used [0x000000076b980000,0x000000079c380000,0x000000079c380000)
  from space 273408K, 74% used [0x000000079c380000,0x00000007a8b3c268,0x00000007ace80000)
  to   space 274944K, 0% used [0x00000007af380000,0x00000007af380000,0x00000007c0000000)
 ParOldGen       total 1966592K, used 1605200K [0x00000006c2c00000, 0x000000073ac80000, 0x000000076b980000)
  object space 1966592K, 81% used [0x00000006c2c00000,0x0000000724b94118,0x000000073ac80000)
 Metaspace       used 7896K, capacity 8136K, committed 8320K, reserved 1056768K
  class space    used 821K, capacity 886K, committed 896K, reserved 1048576K
Event: 39.262 GC heap after
Heap after GC invocations=38 (full 6):
 PSYoungGen      total 1106944K, used 204559K [0x000000076b980000, 0x00000007c0000000, 0x00000007c0000000)
  eden space 832000K, 0% used [0x000000076b980000,0x000000076b980000,0x000000079e600000)
  from space 274944K, 74% used [0x00000007af380000,0x00000007bbb43d88,0x00000007c0000000)
  to   space 275456K, 0% used [0x000000079e600000,0x000000079e600000,0x00000007af300000)
 ParOldGen       total 1966592K, used 1605200K [0x00000006c2c00000, 0x000000073ac80000, 0x000000076b980000)
  object space 1966592K, 81% used [0x00000006c2c00000,0x0000000724b94118,0x000000073ac80000)
 Metaspace       used 7896K, capacity 8136K, committed 8320K, reserved 1056768K
  class space    used 821K, capacity 886K, committed 896K, reserved 1048576K
}
Event: 39.753 GC heap before
{Heap before GC invocations=39 (full 6):
 PSYoungGen      total 1106944K, used 1036559K [0x000000076b980000, 0x00000007c0000000, 0x00000007c0000000)
  eden space 832000K, 100% used [0x000000076b980000,0x000000079e600000,0x000000079e600000)
  from space 274944K, 74% used [0x00000007af380000,0x00000007bbb43d88,0x00000007c0000000)
  to   space 275456K, 0% used [0x000000079e600000,0x000000079e600000,0x00000007af300000)
 ParOldGen       total 1966592K, used 1605200K [0x00000006c2c00000, 0x000000073ac80000, 0x000000076b980000)
  object space 1966592K, 81% used [0x00000006c2c00000,0x0000000724b94118,0x000000073ac80000)
 Metaspace       used 7896K, capacity 8136K, committed 8320K, reserved 1056768K
  class space    used 821K, capacity 886K, committed 896K, reserved 1048576K
Event: 39.803 GC heap after
Heap after GC invocations=39 (full 6):
 PSYoungGen      total 1107456K, used 204611K [0x000000076b980000, 0x00000007c0000000, 0x00000007c0000000)
  eden space 832000K, 0% used [0x000000076b980000,0x000000076b980000,0x000000079e600000)
  from space 275456K, 74% used [0x000000079e600000,0x00000007aadd0e20,0x00000007af300000)
  to   space 275456K, 0% used [0x00000007af300000,0x00000007af300000,0x00000007c0000000)
 ParOldGen       total 1966592K, used 1605200K [0x00000006c2c00000, 0x000000073ac80000, 0x000000076b980000)
  object space 1966592K, 81% used [0x00000006c2c00000,0x0000000724b94118,0x000000073ac80000)
 Metaspace       used 7896K, capacity 8136K, committed 8320K, reserved 1056768K
  class space    used 821K, capacity 886K, committed 896K, reserved 1048576K
}
Event: 40.310 GC heap before
{Heap before GC invocations=40 (full 6):
 PSYoungGen      total 1107456K, used 1036611K [0x000000076b980000, 0x00000007c0000000, 0x00000007c0000000)
  eden space 832000K, 100% used [0x000000076b980000,0x000000079e600000,0x000000079e600000)
  from space 275456K, 74% used [0x000000079e600000,0x00000007aadd0e20,0x00000007af300000)
  to   space 275456K, 0% used [0x00000007af300000,0x00000007af300000,0x00000007c0000000)
 ParOldGen       total 1966592K, used 1605200K [0x00000006c2c00000, 0x000000073ac80000, 0x000000076b980000)
  object space 1966592K, 81% used [0x00000006c2c00000,0x0000000724b94118,0x000000073ac80000)
 Metaspace       used 7896K, capacity 8136K, committed 8320K, reserved 1056768K
  class space    used 821K, capacity 886K, committed 896K, reserved 1048576K
Event: 40.369 GC heap after
Heap after GC invocations=40 (full 6):
 PSYoungGen      total 1105408K, used 204693K [0x000000076b980000, 0x00000007bfe00000, 0x00000007c0000000)
  eden space 832000K, 0% used [0x000000076b980000,0x000000076b980000,0x000000079e600000)
  from space 273408K, 74% used [0x00000007af300000,0x00000007bbae56d8,0x00000007bfe00000)
  to   space 274432K, 0% used [0x000000079e600000,0x000000079e600000,0x00000007af200000)
 ParOldGen       total 1966592K, used 1605200K [0x00000006c2c00000, 0x000000073ac80000, 0x000000076b980000)
  object space 1966592K, 81% used [0x00000006c2c00000,0x0000000724b94118,0x000000073ac80000)
 Metaspace       used 7896K, capacity 8136K, committed 8320K, reserved 1056768K
  class space    used 821K, capacity 886K, committed 896K, reserved 1048576K
}
Event: 40.854 GC heap before
{Heap before GC invocations=41 (full 6):
 PSYoungGen      total 1105408K, used 1036693K [0x000000076b980000, 0x00000007bfe00000, 0x00000007c0000000)
  eden space 832000K, 100% used [0x000000076b980000,0x000000079e600000,0x000000079e600000)
  from space 273408K, 74% used [0x00000007af300000,0x00000007bbae56d8,0x00000007bfe00000)
  to   space 274432K, 0% used [0x000000079e600000,0x000000079e600000,0x00000007af200000)
 ParOldGen       total 1966592K, used 1605200K [0x00000006c2c00000, 0x000000073ac80000, 0x000000076b980000)
  object space 1966592K, 81% used [0x00000006c2c00000,0x0000000724b94118,0x000000073ac80000)
 Metaspace       used 7896K, capacity 8136K, committed 8320K, reserved 1056768K
  class space    used 821K, capacity 886K, committed 896K, reserved 1048576K
Event: 40.932 GC heap after
Heap after GC invocations=41 (full 6):
 PSYoungGen      total 938496K, used 106319K [0x000000076b980000, 0x00000007c0000000, 0x00000007c0000000)
  eden space 832000K, 0% used [0x000000076b980000,0x000000076b980000,0x000000079e600000)
  from space 106496K, 99% used [0x000000079e600000,0x00000007a4dd3d00,0x00000007a4e00000)
  to   space 278528K, 0% used [0x00000007af000000,0x00000007af000000,0x00000007c0000000)
 ParOldGen       total 1966592K, used 1703558K [0x00000006c2c00000, 0x000000073ac80000, 0x000000076b980000)
  object space 1966592K, 86% used [0x00000006c2c00000,0x000000072aba1af8,0x000000073ac80000)
 Metaspace       used 7896K, capacity 8136K, committed 8320K, reserved 1056768K
  class space    used 821K, capacity 886K, committed 896K, reserved 1048576K
}

Deoptimization events (10 events):
Event: 37.830 Thread 0x0000000003338000 Uncommon trap: reason=bimorphic action=maybe_recompile pc=0x0000000003889844 method=java.lang.ThreadLocal.get()Ljava/lang/Object; @ 6
Event: 37.830 Thread 0x0000000003338000 Uncommon trap: reason=class_check action=maybe_recompile pc=0x00000000038f8348 method=java.lang.String.valueOf(Ljava/lang/Object;)Ljava/lang/String; @ 10
Event: 37.830 Thread 0x0000000003338000 Uncommon trap: reason=bimorphic action=maybe_recompile pc=0x0000000003889844 method=java.lang.ThreadLocal.get()Ljava/lang/Object; @ 6
Event: 37.830 Thread 0x0000000003338000 Uncommon trap: reason=class_check action=maybe_recompile pc=0x00000000038f8348 method=java.lang.String.valueOf(Ljava/lang/Object;)Ljava/lang/String; @ 10
Event: 37.830 Thread 0x0000000003338000 Uncommon trap: reason=bimorphic action=maybe_recompile pc=0x0000000003889844 method=java.lang.ThreadLocal.get()Ljava/lang/Object; @ 6
Event: 37.866 Thread 0x0000000003338000 Uncommon trap: reason=unstable_if action=reinterpret pc=0x00000000038f03b0 method=java.io.BufferedOutputStream.write([BII)V @ 6
Event: 38.042 Thread 0x0000000003338000 Uncommon trap: reason=unstable_if action=reinterpret pc=0x0000000003c39094 method=sun.misc.FloatingDecimal$BinaryToASCIIBuffer.dtoa(IJIZ)V @ 859
Event: 38.208 Thread 0x0000000003338000 Uncommon trap: reason=unstable_if action=reinterpret pc=0x0000000003c4cad4 method=sun.misc.FloatingDecimal$BinaryToASCIIBuffer.dtoa(IJIZ)V @ 379
Event: 41.018 Thread 0x0000000003338000 Uncommon trap: reason=unstable_if action=reinterpret pc=0x0000000003c72844 method=sun.misc.FloatingDecimal$BinaryToASCIIBuffer.dtoa(IJIZ)V @ 372
Event: 41.018 Thread 0x0000000003338000 Uncommon trap: reason=unstable_if action=reinterpret pc=0x0000000003c5e85c method=sun.misc.FloatingDecimal$BinaryToASCIIBuffer.getChars([C)I @ 210

Classes redefined (0 events):
No events

Internal exceptions (10 events):
Event: 7.088 Thread 0x00000000204c6000 Implicit null exception at 0x000000000383b5e5 to 0x000000000383b69d
Event: 7.089 Thread 0x00000000204c6000 Implicit null exception at 0x0000000003846441 to 0x00000000038469c9
Event: 7.090 Thread 0x00000000201f4000 Implicit null exception at 0x0000000003849aa3 to 0x000000000384a00d
Event: 17.188 Thread 0x0000000003338000 Exception <a 'java/lang/NoSuchFieldError': method resolution failed> (0x0000000773150c38) thrown at [C:\re\workspace\8-2-build-windows-amd64-cygwin\jdk8u221\13320\hotspot\src\share\vm\prims\methodHandles.cpp, line 1167]
Event: 17.189 Thread 0x0000000003338000 Exception <a 'java/lang/NoSuchFieldError': method resolution failed> (0x000000077315ea50) thrown at [C:\re\workspace\8-2-build-windows-amd64-cygwin\jdk8u221\13320\hotspot\src\share\vm\prims\methodHandles.cpp, line 1167]
Event: 17.405 Thread 0x0000000003338000 Exception <a 'java/lang/NoSuchMethodError': java.lang.Object.lambda$comparingByValue$1065357e$1(Ljava/util/Map$Entry;Ljava/util/Map$Entry;)I> (0x000000076fab4f90) thrown at [C:\re\workspace\8-2-build-windows-amd64-cygwin\jdk8u221\13320\hotspot\src\share\v
Event: 17.407 Thread 0x0000000003338000 Exception <a 'java/lang/NoSuchMethodError': java.lang.Object.lambda$maxBy$1(Ljava/util/Comparator;Ljava/lang/Object;Ljava/lang/Object;)Ljava/lang/Object;> (0x000000076fac7760) thrown at [C:\re\workspace\8-2-build-windows-amd64-cygwin\jdk8u221\13320\hotspo
Event: 35.515 Thread 0x0000000003338000 Implicit null exception at 0x0000000003b97a58 to 0x0000000003b98ef9
Event: 36.344 Thread 0x0000000003338000 Implicit null exception at 0x0000000003ab60fd to 0x0000000003ab626e
Event: 36.345 Thread 0x0000000003338000 Implicit null exception at 0x0000000003ab1f42 to 0x0000000003ab2206

Events (10 events):
Event: 41.018 Thread 0x0000000003338000 DEOPT UNPACKING pc=0x000000000367583b sp=0x000000000332f3e8 mode 2
Event: 41.021 Thread 0x00000000200d6000 flushing nmethod 0x0000000003734350
Event: 41.021 Thread 0x00000000200d6000 flushing nmethod 0x0000000003740010
Event: 41.021 Thread 0x00000000200d6000 flushing nmethod 0x0000000003744010
Event: 41.021 Thread 0x00000000200d6000 flushing nmethod 0x000000000374a050
Event: 41.021 Thread 0x00000000200d6000 flushing nmethod 0x000000000374efd0
Event: 41.021 Thread 0x00000000200d6000 flushing nmethod 0x0000000003750a10
Event: 41.021 Thread 0x00000000200d6000 flushing nmethod 0x000000000375d990
Event: 41.021 Thread 0x00000000200d6000 flushing nmethod 0x0000000003763950
Event: 41.023 Thread 0x00000000200d6000 flushing nmethod 0x00000000037a8150


Dynamic libraries:
0x00007ff6409f0000 - 0x00007ff640a27000 	C:\Program Files\Java\jdk1.8.0_221\bin\java.exe
0x00007ffc46f90000 - 0x00007ffc47185000 	C:\WINDOWS\SYSTEM32\ntdll.dll
0x00007ffc46100000 - 0x00007ffc461bd000 	C:\WINDOWS\System32\KERNEL32.DLL
0x00007ffc44c70000 - 0x00007ffc44f38000 	C:\WINDOWS\System32\KERNELBASE.dll
0x00007ffc46cd0000 - 0x00007ffc46d7c000 	C:\WINDOWS\System32\ADVAPI32.dll
0x00007ffc45640000 - 0x00007ffc456de000 	C:\WINDOWS\System32\msvcrt.dll
0x00007ffc452e0000 - 0x00007ffc4537b000 	C:\WINDOWS\System32\sechost.dll
0x00007ffc46ba0000 - 0x00007ffc46ccb000 	C:\WINDOWS\System32\RPCRT4.dll
0x00007ffc45710000 - 0x00007ffc458b0000 	C:\WINDOWS\System32\USER32.dll
0x00007ffc44c40000 - 0x00007ffc44c62000 	C:\WINDOWS\System32\win32u.dll
0x00007ffc46690000 - 0x00007ffc466ba000 	C:\WINDOWS\System32\GDI32.dll
0x00007ffc447e0000 - 0x00007ffc448eb000 	C:\WINDOWS\System32\gdi32full.dll
0x00007ffc448f0000 - 0x00007ffc4498d000 	C:\WINDOWS\System32\msvcp_win.dll
0x00007ffc44b40000 - 0x00007ffc44c40000 	C:\WINDOWS\System32\ucrtbase.dll
0x00007ffc30880000 - 0x00007ffc30b1a000 	C:\WINDOWS\WinSxS\amd64_microsoft.windows.common-controls_6595b64144ccf1df_6.0.19041.844_none_ca00b6081b84eb1d\COMCTL32.dll
0x00007ffc44ff0000 - 0x00007ffc45020000 	C:\WINDOWS\System32\IMM32.DLL
0x00000000769d0000 - 0x0000000076aa2000 	C:\Program Files\Java\jdk1.8.0_221\jre\bin\msvcr100.dll
0x0000000076120000 - 0x00000000769c5000 	C:\Program Files\Java\jdk1.8.0_221\jre\bin\server\jvm.dll
0x00007ffc45700000 - 0x00007ffc45708000 	C:\WINDOWS\System32\PSAPI.DLL
0x00007ffc2e7f0000 - 0x00007ffc2e817000 	C:\WINDOWS\SYSTEM32\WINMM.dll
0x00007ffbfcaf0000 - 0x00007ffbfcaf9000 	C:\WINDOWS\SYSTEM32\WSOCK32.dll
0x00007ffc43530000 - 0x00007ffc4353a000 	C:\WINDOWS\SYSTEM32\VERSION.dll
0x00007ffc46d80000 - 0x00007ffc46deb000 	C:\WINDOWS\System32\WS2_32.dll
0x00007ffc3f3f0000 - 0x00007ffc3f3ff000 	C:\Program Files\Java\jdk1.8.0_221\jre\bin\verify.dll
0x00007ffc33590000 - 0x00007ffc335b9000 	C:\Program Files\Java\jdk1.8.0_221\jre\bin\java.dll
0x00007ffc29a80000 - 0x00007ffc29aa3000 	C:\Program Files\Java\jdk1.8.0_221\jre\bin\instrument.dll
0x00007ffc29940000 - 0x00007ffc29956000 	C:\Program Files\Java\jdk1.8.0_221\jre\bin\zip.dll
0x00007ffc45950000 - 0x00007ffc46092000 	C:\WINDOWS\System32\SHELL32.dll
0x00007ffc42d50000 - 0x00007ffc434e1000 	C:\WINDOWS\SYSTEM32\windows.storage.dll
0x00007ffc46840000 - 0x00007ffc46b95000 	C:\WINDOWS\System32\combase.dll
0x00007ffc44140000 - 0x00007ffc4416c000 	C:\WINDOWS\SYSTEM32\Wldp.dll
0x00007ffc45150000 - 0x00007ffc451fe000 	C:\WINDOWS\System32\SHCORE.dll
0x00007ffc461c0000 - 0x00007ffc46215000 	C:\WINDOWS\System32\shlwapi.dll
0x00007ffc44610000 - 0x00007ffc4462f000 	C:\WINDOWS\SYSTEM32\profapi.dll
0x00007ffc25f60000 - 0x00007ffc25f7a000 	C:\Program Files\JetBrains\IntelliJ IDEA 2021.1\bin\breakgen64.dll
0x00007ffc25e50000 - 0x00007ffc25e6a000 	C:\Program Files\Java\jdk1.8.0_221\jre\bin\net.dll
0x00007ffc38740000 - 0x00007ffc3892e000 	C:\WINDOWS\SYSTEM32\urlmon.dll
0x00007ffc38350000 - 0x00007ffc38600000 	C:\WINDOWS\SYSTEM32\iertutil.dll
0x00007ffc43e90000 - 0x00007ffc43efa000 	C:\WINDOWS\system32\mswsock.dll
0x00007ffc44090000 - 0x00007ffc440a8000 	C:\WINDOWS\SYSTEM32\CRYPTSP.dll
0x00007ffc437a0000 - 0x00007ffc437d4000 	C:\WINDOWS\system32\rsaenh.dll
0x00007ffc44730000 - 0x00007ffc44757000 	C:\WINDOWS\System32\bcrypt.dll
0x00007ffc44590000 - 0x00007ffc445be000 	C:\WINDOWS\SYSTEM32\USERENV.dll
0x00007ffc44760000 - 0x00007ffc447e0000 	C:\WINDOWS\System32\bcryptprimitives.dll
0x00007ffc44080000 - 0x00007ffc4408c000 	C:\WINDOWS\SYSTEM32\CRYPTBASE.dll
0x00007ffc43b20000 - 0x00007ffc43b5b000 	C:\WINDOWS\SYSTEM32\IPHLPAPI.DLL
0x00007ffc458b0000 - 0x00007ffc458b8000 	C:\WINDOWS\System32\NSI.dll
0x00007ffc3d980000 - 0x00007ffc3d997000 	C:\WINDOWS\SYSTEM32\dhcpcsvc6.DLL
0x00007ffc3d8d0000 - 0x00007ffc3d8ed000 	C:\WINDOWS\SYSTEM32\dhcpcsvc.DLL
0x00007ffc43b60000 - 0x00007ffc43c2c000 	C:\WINDOWS\SYSTEM32\DNSAPI.dll
0x00007ffc1d090000 - 0x00007ffc1d0a2000 	C:\Program Files\Java\jdk1.8.0_221\jre\bin\nio.dll
0x00007ffbaf7a0000 - 0x00007ffbafd9a000 	C:\Users\josef\AppData\Local\Temp\librocksdbjni3523255608908545455.dll
0x00007ffc36d10000 - 0x00007ffc36da2000 	C:\WINDOWS\SYSTEM32\MSVCP140.dll
0x00007ffc36cc0000 - 0x00007ffc36cd9000 	C:\WINDOWS\SYSTEM32\VCRUNTIME140.dll
0x00007ffc36cb0000 - 0x00007ffc36cbc000 	C:\WINDOWS\SYSTEM32\VCRUNTIME140_1.dll
0x00007ffc434f0000 - 0x00007ffc43502000 	C:\WINDOWS\SYSTEM32\kernel.appcore.dll
0x00007ffc42320000 - 0x00007ffc42504000 	C:\WINDOWS\SYSTEM32\dbghelp.dll

VM Arguments:
jvm_args: -javaagent:C:\Program Files\JetBrains\IntelliJ IDEA 2021.1\lib\idea_rt.jar=56155:C:\Program Files\JetBrains\IntelliJ IDEA 2021.1\bin -Dfile.encoding=UTF-8 
java_command: comp4321.group2.searchengine.crawler.FastCrawler
java_class_path (initial): C:\Program Files\Java\jdk1.8.0_221\jre\lib\charsets.jar;C:\Program Files\Java\jdk1.8.0_221\jre\lib\deploy.jar;C:\Program Files\Java\jdk1.8.0_221\jre\lib\ext\access-bridge-64.jar;C:\Program Files\Java\jdk1.8.0_221\jre\lib\ext\cldrdata.jar;C:\Program Files\Java\jdk1.8.0_221\jre\lib\ext\dnsns.jar;C:\Program Files\Java\jdk1.8.0_221\jre\lib\ext\jaccess.jar;C:\Program Files\Java\jdk1.8.0_221\jre\lib\ext\jfxrt.jar;C:\Program Files\Java\jdk1.8.0_221\jre\lib\ext\localedata.jar;C:\Program Files\Java\jdk1.8.0_221\jre\lib\ext\nashorn.jar;C:\Program Files\Java\jdk1.8.0_221\jre\lib\ext\sunec.jar;C:\Program Files\Java\jdk1.8.0_221\jre\lib\ext\sunjce_provider.jar;C:\Program Files\Java\jdk1.8.0_221\jre\lib\ext\sunmscapi.jar;C:\Program Files\Java\jdk1.8.0_221\jre\lib\ext\sunpkcs11.jar;C:\Program Files\Java\jdk1.8.0_221\jre\lib\ext\zipfs.jar;C:\Program Files\Java\jdk1.8.0_221\jre\lib\javaws.jar;C:\Program Files\Java\jdk1.8.0_221\jre\lib\jce.jar;C:\Program Files\Java\jdk1.8.0_221\jre\lib\jfr.jar;C:\Program Files\Java\jdk1.8.0_221\jre\lib\jfxswt.jar;C:\Program Files\Java\jdk1.8.0_221\jre\lib\jsse.jar;C:\Program Files\Java\jdk1.8.0_221\jre\lib\management-agent.jar;C:\Program Files\Java\jdk1.8.0_221\jre\lib\plugin.jar;C:\Program Files\Java\jdk1.8.0_221\jre\lib\resources.jar;C:\Program Files\Java\jdk1.8.0_221\jre\lib\rt.jar;D:\HKUST\Semester 6\COMP4321\searchengine\target\classes;C:\Users\josef\.m2\repository\org\springframework\boot\spring-boot-starter-web\2.4.5\spring-boot-starter-web-2.4.5.jar;C:\Users\josef\.m2\repository\org\springframework\boot\spring-boot\2.4.5\spring-boot-2.4.5.jar;C:\Users\josef\.m2\repository\org\springframework\boot\spring-boot-autoconfigure\2.4.5\spring-boot-autoconfigure-2.4.5.jar;C:\Users\josef\.m2\repository\ch\qos\logback\logback-classic\1.2.3\logback-classic-1.2.3.jar;C:\Users\josef\.m2\repository\ch\qos\logback\logback-core\1.2.3\logback-core-1.2.3.jar;C:\Users\josef\.m2\repository\org\apache\logging\log4j\log4j-to-slf4j\2.13.
Launcher Type: SUN_STANDARD

Environment Variables:
JAVA_HOME=C:\Program Files\Java\jdk1.8.0_221
PATH=C:\Perl64\bin;C:\Users\josef\AppData\Roaming\ActiveState\bin;C:\Python38\Scripts\;C:\Python38\;C:\Program Files (x86)\Common Files\Oracle\Java\javapath;C:\Windows\system32;C:\Windows;C:\Windows\System32\Wbem;C:\Windows\System32\WindowsPowerShell\v1.0\;C:\Windows\System32\OpenSSH\;C:\Program Files (x86)\NVIDIA Corporation\PhysX\Common;C:\Program Files\NVIDIA Corporation\NVIDIA NvDLISR;C:\WINDOWS\system32;C:\WINDOWS;C:\WINDOWS\System32\Wbem;C:\WINDOWS\System32\WindowsPowerShell\v1.0\;C:\WINDOWS\System32\OpenSSH\;C:\MinGW\bin;C:\Program Files\nodejs\;C:\ProgramData\chocolatey\bin;C:\Program Files\MiKTeX\miktex\bin\x64\;C:\Perl64\bin;C:\Program Files\Go\bin;C:\Program Files\Java\jdk1.8.0_221\bin;C:\Program Files\Git\cmd;C:\Program Files\MySQL\MySQL Shell 8.0\bin\;C:\Users\josef\AppData\Local\Microsoft\WindowsApps;C:\Users\josef\AppData\Local\Programs\Microsoft VS Code\bin;C:\Users\josef\AppData\Roaming\npm;C:\Users\josef\AppData\Local\GitHubDesktop\bin;C:\Users\josef\AppData\Roaming\TinyTeX\bin\win32;C:\Users\josef\AppData\Local\Microsoft\WindowsApps;C:\Perl64\bin;C:\Development\flutter\bin;C:\Users\josef\go\bin
USERNAME=josef
OS=Windows_NT
PROCESSOR_IDENTIFIER=Intel64 Family 6 Model 165 Stepping 2, GenuineIntel



---------------  S Y S T E M  ---------------

OS: Windows 10.0 , 64 bit Build 19041 (10.0.19041.928)

CPU:total 12 (initial active 12) (6 cores per cpu, 2 threads per core) family 6 model 165 stepping 2, cmov, cx8, fxsr, mmx, sse, sse2, sse3, ssse3, sse4.1, sse4.2, popcnt, avx, avx2, aes, clmul, erms, 3dnowpref, lzcnt, ht, tsc, tscinvbit, bmi1, bmi2, adx

Memory: 4k page, physical 16590064k(1717088k free), swap 35055328k(3978716k free)

vm_info: Java HotSpot(TM) 64-Bit Server VM (25.221-b11) for windows-amd64 JRE (1.8.0_221-b11), built on Jul  4 2019 04:39:29 by "java_re" with MS VC++ 10.0 (VS2010)

time: Thu Apr 29 02:53:17 2021
timezone: China Standard Time
elapsed time: 42 seconds (0d 0h 0m 42s)

